[2021-03-06 09:13:04] development.ERROR: Twig\Error\SyntaxError: Unknown "mix" function. Did you mean "max", "min" in "C:\Users\Olgerd\Desktop\lara-cms/themes/hanzlfp/layouts/default.htm" at line 9? in C:\Users\Olgerd\Desktop\lara-cms\vendor\twig\twig\src\ExpressionParser.php:746
Stack trace:
#0 C:\Users\Olgerd\Desktop\lara-cms\vendor\twig\twig\src\ExpressionParser.php(451): Twig\ExpressionParser->getFunctionNodeClass('mix', 9)
#1 C:\Users\Olgerd\Desktop\lara-cms\vendor\twig\twig\src\ExpressionParser.php(235): Twig\ExpressionParser->getFunctionNode('mix', 9)
#2 C:\Users\Olgerd\Desktop\lara-cms\vendor\twig\twig\src\ExpressionParser.php(175): Twig\ExpressionParser->parsePrimaryExpression()
#3 C:\Users\Olgerd\Desktop\lara-cms\vendor\twig\twig\src\ExpressionParser.php(70): Twig\ExpressionParser->getPrimary()
#4 C:\Users\Olgerd\Desktop\lara-cms\vendor\twig\twig\src\Parser.php(142): Twig\ExpressionParser->parseExpression()
#5 C:\Users\Olgerd\Desktop\lara-cms\vendor\twig\twig\src\Parser.php(98): Twig\Parser->subparse(NULL, false)
#6 C:\Users\Olgerd\Desktop\lara-cms\vendor\twig\twig\src\Environment.php(563): Twig\Parser->parse(Object(Twig\TokenStream))
#7 C:\Users\Olgerd\Desktop\lara-cms\vendor\twig\twig\src\Environment.php(595): Twig\Environment->parse(Object(Twig\TokenStream))
#8 C:\Users\Olgerd\Desktop\lara-cms\vendor\twig\twig\src\Environment.php(408): Twig\Environment->compileSource(Object(Twig\Source))
#9 C:\Users\Olgerd\Desktop\lara-cms\vendor\twig\twig\src\Environment.php(381): Twig\Environment->loadClass('__TwigTemplate_...', 'C:\\Users\\Olgerd...', NULL)
#10 C:\Users\Olgerd\Desktop\lara-cms\modules\cms\classes\Controller.php(434): Twig\Environment->loadTemplate('C:\\Users\\Olgerd...')
#11 C:\Users\Olgerd\Desktop\lara-cms\modules\cms\classes\Controller.php(225): Cms\Classes\Controller->runPage(Object(Cms\Classes\Page))
#12 C:\Users\Olgerd\Desktop\lara-cms\modules\cms\classes\CmsController.php(50): Cms\Classes\Controller->run('some-page')
#13 [internal function]: Cms\Classes\CmsController->run('some-page')
#14 C:\Users\Olgerd\Desktop\lara-cms\vendor\laravel\framework\src\Illuminate\Routing\Controller.php(54): call_user_func_array(Array, Array)
#15 C:\Users\Olgerd\Desktop\lara-cms\vendor\laravel\framework\src\Illuminate\Routing\ControllerDispatcher.php(45): Illuminate\Routing\Controller->callAction('run', Array)
#16 C:\Users\Olgerd\Desktop\lara-cms\vendor\laravel\framework\src\Illuminate\Routing\Route.php(212): Illuminate\Routing\ControllerDispatcher->dispatch(Object(Illuminate\Routing\Route), Object(Cms\Classes\CmsController), 'run')
#17 C:\Users\Olgerd\Desktop\lara-cms\vendor\laravel\framework\src\Illuminate\Routing\Route.php(169): Illuminate\Routing\Route->runController()
#18 C:\Users\Olgerd\Desktop\lara-cms\vendor\laravel\framework\src\Illuminate\Routing\Router.php(658): Illuminate\Routing\Route->run()
#19 C:\Users\Olgerd\Desktop\lara-cms\vendor\laravel\framework\src\Illuminate\Routing\Pipeline.php(30): Illuminate\Routing\Router->Illuminate\Routing\{closure}(Object(Illuminate\Http\Request))
#20 C:\Users\Olgerd\Desktop\lara-cms\vendor\laravel\framework\src\Illuminate\Routing\Middleware\SubstituteBindings.php(41): Illuminate\Routing\Pipeline->Illuminate\Routing\{closure}(Object(Illuminate\Http\Request))
#21 C:\Users\Olgerd\Desktop\lara-cms\vendor\laravel\framework\src\Illuminate\Pipeline\Pipeline.php(149): Illuminate\Routing\Middleware\SubstituteBindings->handle(Object(Illuminate\Http\Request), Object(Closure))
#22 C:\Users\Olgerd\Desktop\lara-cms\vendor\laravel\framework\src\Illuminate\Routing\Pipeline.php(53): Illuminate\Pipeline\Pipeline->Illuminate\Pipeline\{closure}(Object(Illuminate\Http\Request))
#23 C:\Users\Olgerd\Desktop\lara-cms\vendor\laravel\framework\src\Illuminate\View\Middleware\ShareErrorsFromSession.php(49): Illuminate\Routing\Pipeline->Illuminate\Routing\{closure}(Object(Illuminate\Http\Request))
#24 C:\Users\Olgerd\Desktop\lara-cms\vendor\laravel\framework\src\Illuminate\Pipeline\Pipeline.php(149): Illuminate\View\Middleware\ShareErrorsFromSession->handle(Object(Illuminate\Http\Request), Object(Closure))
#25 C:\Users\Olgerd\Desktop\lara-cms\vendor\laravel\framework\src\Illuminate\Routing\Pipeline.php(53): Illuminate\Pipeline\Pipeline->Illuminate\Pipeline\{closure}(Object(Illuminate\Http\Request))
#26 C:\Users\Olgerd\Desktop\lara-cms\vendor\laravel\framework\src\Illuminate\Session\Middleware\StartSession.php(63): Illuminate\Routing\Pipeline->Illuminate\Routing\{closure}(Object(Illuminate\Http\Request))
#27 C:\Users\Olgerd\Desktop\lara-cms\vendor\laravel\framework\src\Illuminate\Pipeline\Pipeline.php(149): Illuminate\Session\Middleware\StartSession->handle(Object(Illuminate\Http\Request), Object(Closure))
#28 C:\Users\Olgerd\Desktop\lara-cms\vendor\laravel\framework\src\Illuminate\Routing\Pipeline.php(53): Illuminate\Pipeline\Pipeline->Illuminate\Pipeline\{closure}(Object(Illuminate\Http\Request))
#29 C:\Users\Olgerd\Desktop\lara-cms\vendor\laravel\framework\src\Illuminate\Cookie\Middleware\AddQueuedCookiesToResponse.php(37): Illuminate\Routing\Pipeline->Illuminate\Routing\{closure}(Object(Illuminate\Http\Request))
#30 C:\Users\Olgerd\Desktop\lara-cms\vendor\laravel\framework\src\Illuminate\Pipeline\Pipeline.php(149): Illuminate\Cookie\Middleware\AddQueuedCookiesToResponse->handle(Object(Illuminate\Http\Request), Object(Closure))
#31 C:\Users\Olgerd\Desktop\lara-cms\vendor\laravel\framework\src\Illuminate\Routing\Pipeline.php(53): Illuminate\Pipeline\Pipeline->Illuminate\Pipeline\{closure}(Object(Illuminate\Http\Request))
#32 C:\Users\Olgerd\Desktop\lara-cms\vendor\laravel\framework\src\Illuminate\Cookie\Middleware\EncryptCookies.php(68): Illuminate\Routing\Pipeline->Illuminate\Routing\{closure}(Object(Illuminate\Http\Request))
#33 C:\Users\Olgerd\Desktop\lara-cms\vendor\laravel\framework\src\Illuminate\Pipeline\Pipeline.php(149): Illuminate\Cookie\Middleware\EncryptCookies->handle(Object(Illuminate\Http\Request), Object(Closure))
#34 C:\Users\Olgerd\Desktop\lara-cms\vendor\laravel\framework\src\Illuminate\Routing\Pipeline.php(53): Illuminate\Pipeline\Pipeline->Illuminate\Pipeline\{closure}(Object(Illuminate\Http\Request))
#35 C:\Users\Olgerd\Desktop\lara-cms\vendor\laravel\framework\src\Illuminate\Pipeline\Pipeline.php(102): Illuminate\Routing\Pipeline->Illuminate\Routing\{closure}(Object(Illuminate\Http\Request))
#36 C:\Users\Olgerd\Desktop\lara-cms\vendor\laravel\framework\src\Illuminate\Routing\Router.php(660): Illuminate\Pipeline\Pipeline->then(Object(Closure))
#37 C:\Users\Olgerd\Desktop\lara-cms\vendor\laravel\framework\src\Illuminate\Routing\Router.php(635): Illuminate\Routing\Router->runRouteWithinStack(Object(Illuminate\Routing\Route), Object(Illuminate\Http\Request))
#38 C:\Users\Olgerd\Desktop\lara-cms\vendor\laravel\framework\src\Illuminate\Routing\Router.php(601): Illuminate\Routing\Router->runRoute(Object(Illuminate\Http\Request), Object(Illuminate\Routing\Route))
#39 C:\Users\Olgerd\Desktop\lara-cms\vendor\october\rain\src\Router\CoreRouter.php(20): Illuminate\Routing\Router->dispatchToRoute(Object(Illuminate\Http\Request))
#40 C:\Users\Olgerd\Desktop\lara-cms\vendor\laravel\framework\src\Illuminate\Foundation\Http\Kernel.php(176): October\Rain\Router\CoreRouter->dispatch(Object(Illuminate\Http\Request))
#41 C:\Users\Olgerd\Desktop\lara-cms\vendor\laravel\framework\src\Illuminate\Routing\Pipeline.php(30): Illuminate\Foundation\Http\Kernel->Illuminate\Foundation\Http\{closure}(Object(Illuminate\Http\Request))
#42 C:\Users\Olgerd\Desktop\lara-cms\vendor\laravel\framework\src\Illuminate\Foundation\Http\Middleware\CheckForMaintenanceMode.php(46): Illuminate\Routing\Pipeline->Illuminate\Routing\{closure}(Object(Illuminate\Http\Request))
#43 C:\Users\Olgerd\Desktop\lara-cms\vendor\october\rain\src\Foundation\Http\Middleware\CheckForMaintenanceMode.php(25): Illuminate\Foundation\Http\Middleware\CheckForMaintenanceMode->handle(Object(Illuminate\Http\Request), Object(Closure))
#44 C:\Users\Olgerd\Desktop\lara-cms\vendor\laravel\framework\src\Illuminate\Pipeline\Pipeline.php(149): October\Rain\Foundation\Http\Middleware\CheckForMaintenanceMode->handle(Object(Illuminate\Http\Request), Object(Closure))
#45 C:\Users\Olgerd\Desktop\lara-cms\vendor\laravel\framework\src\Illuminate\Routing\Pipeline.php(53): Illuminate\Pipeline\Pipeline->Illuminate\Pipeline\{closure}(Object(Illuminate\Http\Request))
#46 C:\Users\Olgerd\Desktop\lara-cms\vendor\laravel\framework\src\Illuminate\Pipeline\Pipeline.php(102): Illuminate\Routing\Pipeline->Illuminate\Routing\{closure}(Object(Illuminate\Http\Request))
#47 C:\Users\Olgerd\Desktop\lara-cms\vendor\laravel\framework\src\Illuminate\Foundation\Http\Kernel.php(151): Illuminate\Pipeline\Pipeline->then(Object(Closure))
#48 C:\Users\Olgerd\Desktop\lara-cms\vendor\laravel\framework\src\Illuminate\Foundation\Http\Kernel.php(116): Illuminate\Foundation\Http\Kernel->sendRequestThroughRouter(Object(Illuminate\Http\Request))
#49 C:\Users\Olgerd\Desktop\lara-cms\index.php(43): Illuminate\Foundation\Http\Kernel->handle(Object(Illuminate\Http\Request))
#50 C:\Users\Olgerd\Desktop\lara-cms\server.php(17): require_once('C:\\Users\\Olgerd...')
#51 {main}  
[2021-03-06 09:13:12] development.ERROR: Twig\Error\SyntaxError: Unknown "mix" function. Did you mean "max", "min" in "C:\Users\Olgerd\Desktop\lara-cms/themes/hanzlfp/layouts/default.htm" at line 9? in C:\Users\Olgerd\Desktop\lara-cms\vendor\twig\twig\src\ExpressionParser.php:746
Stack trace:
#0 C:\Users\Olgerd\Desktop\lara-cms\vendor\twig\twig\src\ExpressionParser.php(451): Twig\ExpressionParser->getFunctionNodeClass('mix', 9)
#1 C:\Users\Olgerd\Desktop\lara-cms\vendor\twig\twig\src\ExpressionParser.php(235): Twig\ExpressionParser->getFunctionNode('mix', 9)
#2 C:\Users\Olgerd\Desktop\lara-cms\vendor\twig\twig\src\ExpressionParser.php(175): Twig\ExpressionParser->parsePrimaryExpression()
#3 C:\Users\Olgerd\Desktop\lara-cms\vendor\twig\twig\src\ExpressionParser.php(70): Twig\ExpressionParser->getPrimary()
#4 C:\Users\Olgerd\Desktop\lara-cms\vendor\twig\twig\src\Parser.php(142): Twig\ExpressionParser->parseExpression()
#5 C:\Users\Olgerd\Desktop\lara-cms\vendor\twig\twig\src\Parser.php(98): Twig\Parser->subparse(NULL, false)
#6 C:\Users\Olgerd\Desktop\lara-cms\vendor\twig\twig\src\Environment.php(563): Twig\Parser->parse(Object(Twig\TokenStream))
#7 C:\Users\Olgerd\Desktop\lara-cms\vendor\twig\twig\src\Environment.php(595): Twig\Environment->parse(Object(Twig\TokenStream))
#8 C:\Users\Olgerd\Desktop\lara-cms\vendor\twig\twig\src\Environment.php(408): Twig\Environment->compileSource(Object(Twig\Source))
#9 C:\Users\Olgerd\Desktop\lara-cms\vendor\twig\twig\src\Environment.php(381): Twig\Environment->loadClass('__TwigTemplate_...', 'C:\\Users\\Olgerd...', NULL)
#10 C:\Users\Olgerd\Desktop\lara-cms\modules\cms\classes\Controller.php(434): Twig\Environment->loadTemplate('C:\\Users\\Olgerd...')
#11 C:\Users\Olgerd\Desktop\lara-cms\modules\cms\classes\Controller.php(225): Cms\Classes\Controller->runPage(Object(Cms\Classes\Page))
#12 C:\Users\Olgerd\Desktop\lara-cms\modules\cms\classes\CmsController.php(50): Cms\Classes\Controller->run('some-page')
#13 [internal function]: Cms\Classes\CmsController->run('some-page')
#14 C:\Users\Olgerd\Desktop\lara-cms\vendor\laravel\framework\src\Illuminate\Routing\Controller.php(54): call_user_func_array(Array, Array)
#15 C:\Users\Olgerd\Desktop\lara-cms\vendor\laravel\framework\src\Illuminate\Routing\ControllerDispatcher.php(45): Illuminate\Routing\Controller->callAction('run', Array)
#16 C:\Users\Olgerd\Desktop\lara-cms\vendor\laravel\framework\src\Illuminate\Routing\Route.php(212): Illuminate\Routing\ControllerDispatcher->dispatch(Object(Illuminate\Routing\Route), Object(Cms\Classes\CmsController), 'run')
#17 C:\Users\Olgerd\Desktop\lara-cms\vendor\laravel\framework\src\Illuminate\Routing\Route.php(169): Illuminate\Routing\Route->runController()
#18 C:\Users\Olgerd\Desktop\lara-cms\vendor\laravel\framework\src\Illuminate\Routing\Router.php(658): Illuminate\Routing\Route->run()
#19 C:\Users\Olgerd\Desktop\lara-cms\vendor\laravel\framework\src\Illuminate\Routing\Pipeline.php(30): Illuminate\Routing\Router->Illuminate\Routing\{closure}(Object(Illuminate\Http\Request))
#20 C:\Users\Olgerd\Desktop\lara-cms\vendor\laravel\framework\src\Illuminate\Routing\Middleware\SubstituteBindings.php(41): Illuminate\Routing\Pipeline->Illuminate\Routing\{closure}(Object(Illuminate\Http\Request))
#21 C:\Users\Olgerd\Desktop\lara-cms\vendor\laravel\framework\src\Illuminate\Pipeline\Pipeline.php(149): Illuminate\Routing\Middleware\SubstituteBindings->handle(Object(Illuminate\Http\Request), Object(Closure))
#22 C:\Users\Olgerd\Desktop\lara-cms\vendor\laravel\framework\src\Illuminate\Routing\Pipeline.php(53): Illuminate\Pipeline\Pipeline->Illuminate\Pipeline\{closure}(Object(Illuminate\Http\Request))
#23 C:\Users\Olgerd\Desktop\lara-cms\vendor\laravel\framework\src\Illuminate\View\Middleware\ShareErrorsFromSession.php(49): Illuminate\Routing\Pipeline->Illuminate\Routing\{closure}(Object(Illuminate\Http\Request))
#24 C:\Users\Olgerd\Desktop\lara-cms\vendor\laravel\framework\src\Illuminate\Pipeline\Pipeline.php(149): Illuminate\View\Middleware\ShareErrorsFromSession->handle(Object(Illuminate\Http\Request), Object(Closure))
#25 C:\Users\Olgerd\Desktop\lara-cms\vendor\laravel\framework\src\Illuminate\Routing\Pipeline.php(53): Illuminate\Pipeline\Pipeline->Illuminate\Pipeline\{closure}(Object(Illuminate\Http\Request))
#26 C:\Users\Olgerd\Desktop\lara-cms\vendor\laravel\framework\src\Illuminate\Session\Middleware\StartSession.php(63): Illuminate\Routing\Pipeline->Illuminate\Routing\{closure}(Object(Illuminate\Http\Request))
#27 C:\Users\Olgerd\Desktop\lara-cms\vendor\laravel\framework\src\Illuminate\Pipeline\Pipeline.php(149): Illuminate\Session\Middleware\StartSession->handle(Object(Illuminate\Http\Request), Object(Closure))
#28 C:\Users\Olgerd\Desktop\lara-cms\vendor\laravel\framework\src\Illuminate\Routing\Pipeline.php(53): Illuminate\Pipeline\Pipeline->Illuminate\Pipeline\{closure}(Object(Illuminate\Http\Request))
#29 C:\Users\Olgerd\Desktop\lara-cms\vendor\laravel\framework\src\Illuminate\Cookie\Middleware\AddQueuedCookiesToResponse.php(37): Illuminate\Routing\Pipeline->Illuminate\Routing\{closure}(Object(Illuminate\Http\Request))
#30 C:\Users\Olgerd\Desktop\lara-cms\vendor\laravel\framework\src\Illuminate\Pipeline\Pipeline.php(149): Illuminate\Cookie\Middleware\AddQueuedCookiesToResponse->handle(Object(Illuminate\Http\Request), Object(Closure))
#31 C:\Users\Olgerd\Desktop\lara-cms\vendor\laravel\framework\src\Illuminate\Routing\Pipeline.php(53): Illuminate\Pipeline\Pipeline->Illuminate\Pipeline\{closure}(Object(Illuminate\Http\Request))
#32 C:\Users\Olgerd\Desktop\lara-cms\vendor\laravel\framework\src\Illuminate\Cookie\Middleware\EncryptCookies.php(68): Illuminate\Routing\Pipeline->Illuminate\Routing\{closure}(Object(Illuminate\Http\Request))
#33 C:\Users\Olgerd\Desktop\lara-cms\vendor\laravel\framework\src\Illuminate\Pipeline\Pipeline.php(149): Illuminate\Cookie\Middleware\EncryptCookies->handle(Object(Illuminate\Http\Request), Object(Closure))
#34 C:\Users\Olgerd\Desktop\lara-cms\vendor\laravel\framework\src\Illuminate\Routing\Pipeline.php(53): Illuminate\Pipeline\Pipeline->Illuminate\Pipeline\{closure}(Object(Illuminate\Http\Request))
#35 C:\Users\Olgerd\Desktop\lara-cms\vendor\laravel\framework\src\Illuminate\Pipeline\Pipeline.php(102): Illuminate\Routing\Pipeline->Illuminate\Routing\{closure}(Object(Illuminate\Http\Request))
#36 C:\Users\Olgerd\Desktop\lara-cms\vendor\laravel\framework\src\Illuminate\Routing\Router.php(660): Illuminate\Pipeline\Pipeline->then(Object(Closure))
#37 C:\Users\Olgerd\Desktop\lara-cms\vendor\laravel\framework\src\Illuminate\Routing\Router.php(635): Illuminate\Routing\Router->runRouteWithinStack(Object(Illuminate\Routing\Route), Object(Illuminate\Http\Request))
#38 C:\Users\Olgerd\Desktop\lara-cms\vendor\laravel\framework\src\Illuminate\Routing\Router.php(601): Illuminate\Routing\Router->runRoute(Object(Illuminate\Http\Request), Object(Illuminate\Routing\Route))
#39 C:\Users\Olgerd\Desktop\lara-cms\vendor\october\rain\src\Router\CoreRouter.php(20): Illuminate\Routing\Router->dispatchToRoute(Object(Illuminate\Http\Request))
#40 C:\Users\Olgerd\Desktop\lara-cms\vendor\laravel\framework\src\Illuminate\Foundation\Http\Kernel.php(176): October\Rain\Router\CoreRouter->dispatch(Object(Illuminate\Http\Request))
#41 C:\Users\Olgerd\Desktop\lara-cms\vendor\laravel\framework\src\Illuminate\Routing\Pipeline.php(30): Illuminate\Foundation\Http\Kernel->Illuminate\Foundation\Http\{closure}(Object(Illuminate\Http\Request))
#42 C:\Users\Olgerd\Desktop\lara-cms\vendor\laravel\framework\src\Illuminate\Foundation\Http\Middleware\CheckForMaintenanceMode.php(46): Illuminate\Routing\Pipeline->Illuminate\Routing\{closure}(Object(Illuminate\Http\Request))
#43 C:\Users\Olgerd\Desktop\lara-cms\vendor\october\rain\src\Foundation\Http\Middleware\CheckForMaintenanceMode.php(25): Illuminate\Foundation\Http\Middleware\CheckForMaintenanceMode->handle(Object(Illuminate\Http\Request), Object(Closure))
#44 C:\Users\Olgerd\Desktop\lara-cms\vendor\laravel\framework\src\Illuminate\Pipeline\Pipeline.php(149): October\Rain\Foundation\Http\Middleware\CheckForMaintenanceMode->handle(Object(Illuminate\Http\Request), Object(Closure))
#45 C:\Users\Olgerd\Desktop\lara-cms\vendor\laravel\framework\src\Illuminate\Routing\Pipeline.php(53): Illuminate\Pipeline\Pipeline->Illuminate\Pipeline\{closure}(Object(Illuminate\Http\Request))
#46 C:\Users\Olgerd\Desktop\lara-cms\vendor\laravel\framework\src\Illuminate\Pipeline\Pipeline.php(102): Illuminate\Routing\Pipeline->Illuminate\Routing\{closure}(Object(Illuminate\Http\Request))
#47 C:\Users\Olgerd\Desktop\lara-cms\vendor\laravel\framework\src\Illuminate\Foundation\Http\Kernel.php(151): Illuminate\Pipeline\Pipeline->then(Object(Closure))
#48 C:\Users\Olgerd\Desktop\lara-cms\vendor\laravel\framework\src\Illuminate\Foundation\Http\Kernel.php(116): Illuminate\Foundation\Http\Kernel->sendRequestThroughRouter(Object(Illuminate\Http\Request))
#49 C:\Users\Olgerd\Desktop\lara-cms\index.php(43): Illuminate\Foundation\Http\Kernel->handle(Object(Illuminate\Http\Request))
#50 C:\Users\Olgerd\Desktop\lara-cms\server.php(17): require_once('C:\\Users\\Olgerd...')
#51 {main}  
[2021-03-06 09:53:46] development.ERROR: Symfony\Component\Debug\Exception\FatalThrowableError: Parse error: syntax error, unexpected 'js' (T_STRING), expecting ']' in C:\Users\Olgerd\Desktop\lara-cms\modules\cms\classes\CodeParser.php(291) : eval()'d code:6
Stack trace:
#0 C:\Users\Olgerd\Desktop\lara-cms\modules\cms\classes\CodeParser.php(154): Cms\Classes\CodeParser->validate('<?php \r\nclass C...')
#1 C:\Users\Olgerd\Desktop\lara-cms\modules\cms\classes\CodeParser.php(112): Cms\Classes\CodeParser->rebuild('C:\\Users\\Olgerd...')
#2 C:\Users\Olgerd\Desktop\lara-cms\modules\cms\classes\CodeParser.php(172): Cms\Classes\CodeParser->parse()
#3 C:\Users\Olgerd\Desktop\lara-cms\modules\cms\classes\Controller.php(631): Cms\Classes\CodeParser->source(Object(Cms\Classes\Page), Object(Cms\Classes\Layout), Object(Cms\Classes\Controller))
#4 C:\Users\Olgerd\Desktop\lara-cms\modules\cms\classes\Controller.php(332): Cms\Classes\Controller->initCustomObjects()
#5 C:\Users\Olgerd\Desktop\lara-cms\modules\cms\classes\Controller.php(225): Cms\Classes\Controller->runPage(Object(Cms\Classes\Page))
#6 C:\Users\Olgerd\Desktop\lara-cms\modules\cms\classes\CmsController.php(50): Cms\Classes\Controller->run('some-page')
#7 [internal function]: Cms\Classes\CmsController->run('some-page')
#8 C:\Users\Olgerd\Desktop\lara-cms\vendor\laravel\framework\src\Illuminate\Routing\Controller.php(54): call_user_func_array(Array, Array)
#9 C:\Users\Olgerd\Desktop\lara-cms\vendor\laravel\framework\src\Illuminate\Routing\ControllerDispatcher.php(45): Illuminate\Routing\Controller->callAction('run', Array)
#10 C:\Users\Olgerd\Desktop\lara-cms\vendor\laravel\framework\src\Illuminate\Routing\Route.php(212): Illuminate\Routing\ControllerDispatcher->dispatch(Object(Illuminate\Routing\Route), Object(Cms\Classes\CmsController), 'run')
#11 C:\Users\Olgerd\Desktop\lara-cms\vendor\laravel\framework\src\Illuminate\Routing\Route.php(169): Illuminate\Routing\Route->runController()
#12 C:\Users\Olgerd\Desktop\lara-cms\vendor\laravel\framework\src\Illuminate\Routing\Router.php(658): Illuminate\Routing\Route->run()
#13 C:\Users\Olgerd\Desktop\lara-cms\vendor\laravel\framework\src\Illuminate\Routing\Pipeline.php(30): Illuminate\Routing\Router->Illuminate\Routing\{closure}(Object(Illuminate\Http\Request))
#14 C:\Users\Olgerd\Desktop\lara-cms\vendor\laravel\framework\src\Illuminate\Routing\Middleware\SubstituteBindings.php(41): Illuminate\Routing\Pipeline->Illuminate\Routing\{closure}(Object(Illuminate\Http\Request))
#15 C:\Users\Olgerd\Desktop\lara-cms\vendor\laravel\framework\src\Illuminate\Pipeline\Pipeline.php(149): Illuminate\Routing\Middleware\SubstituteBindings->handle(Object(Illuminate\Http\Request), Object(Closure))
#16 C:\Users\Olgerd\Desktop\lara-cms\vendor\laravel\framework\src\Illuminate\Routing\Pipeline.php(53): Illuminate\Pipeline\Pipeline->Illuminate\Pipeline\{closure}(Object(Illuminate\Http\Request))
#17 C:\Users\Olgerd\Desktop\lara-cms\vendor\laravel\framework\src\Illuminate\View\Middleware\ShareErrorsFromSession.php(49): Illuminate\Routing\Pipeline->Illuminate\Routing\{closure}(Object(Illuminate\Http\Request))
#18 C:\Users\Olgerd\Desktop\lara-cms\vendor\laravel\framework\src\Illuminate\Pipeline\Pipeline.php(149): Illuminate\View\Middleware\ShareErrorsFromSession->handle(Object(Illuminate\Http\Request), Object(Closure))
#19 C:\Users\Olgerd\Desktop\lara-cms\vendor\laravel\framework\src\Illuminate\Routing\Pipeline.php(53): Illuminate\Pipeline\Pipeline->Illuminate\Pipeline\{closure}(Object(Illuminate\Http\Request))
#20 C:\Users\Olgerd\Desktop\lara-cms\vendor\laravel\framework\src\Illuminate\Session\Middleware\StartSession.php(63): Illuminate\Routing\Pipeline->Illuminate\Routing\{closure}(Object(Illuminate\Http\Request))
#21 C:\Users\Olgerd\Desktop\lara-cms\vendor\laravel\framework\src\Illuminate\Pipeline\Pipeline.php(149): Illuminate\Session\Middleware\StartSession->handle(Object(Illuminate\Http\Request), Object(Closure))
#22 C:\Users\Olgerd\Desktop\lara-cms\vendor\laravel\framework\src\Illuminate\Routing\Pipeline.php(53): Illuminate\Pipeline\Pipeline->Illuminate\Pipeline\{closure}(Object(Illuminate\Http\Request))
#23 C:\Users\Olgerd\Desktop\lara-cms\vendor\laravel\framework\src\Illuminate\Cookie\Middleware\AddQueuedCookiesToResponse.php(37): Illuminate\Routing\Pipeline->Illuminate\Routing\{closure}(Object(Illuminate\Http\Request))
#24 C:\Users\Olgerd\Desktop\lara-cms\vendor\laravel\framework\src\Illuminate\Pipeline\Pipeline.php(149): Illuminate\Cookie\Middleware\AddQueuedCookiesToResponse->handle(Object(Illuminate\Http\Request), Object(Closure))
#25 C:\Users\Olgerd\Desktop\lara-cms\vendor\laravel\framework\src\Illuminate\Routing\Pipeline.php(53): Illuminate\Pipeline\Pipeline->Illuminate\Pipeline\{closure}(Object(Illuminate\Http\Request))
#26 C:\Users\Olgerd\Desktop\lara-cms\vendor\laravel\framework\src\Illuminate\Cookie\Middleware\EncryptCookies.php(68): Illuminate\Routing\Pipeline->Illuminate\Routing\{closure}(Object(Illuminate\Http\Request))
#27 C:\Users\Olgerd\Desktop\lara-cms\vendor\laravel\framework\src\Illuminate\Pipeline\Pipeline.php(149): Illuminate\Cookie\Middleware\EncryptCookies->handle(Object(Illuminate\Http\Request), Object(Closure))
#28 C:\Users\Olgerd\Desktop\lara-cms\vendor\laravel\framework\src\Illuminate\Routing\Pipeline.php(53): Illuminate\Pipeline\Pipeline->Illuminate\Pipeline\{closure}(Object(Illuminate\Http\Request))
#29 C:\Users\Olgerd\Desktop\lara-cms\vendor\laravel\framework\src\Illuminate\Pipeline\Pipeline.php(102): Illuminate\Routing\Pipeline->Illuminate\Routing\{closure}(Object(Illuminate\Http\Request))
#30 C:\Users\Olgerd\Desktop\lara-cms\vendor\laravel\framework\src\Illuminate\Routing\Router.php(660): Illuminate\Pipeline\Pipeline->then(Object(Closure))
#31 C:\Users\Olgerd\Desktop\lara-cms\vendor\laravel\framework\src\Illuminate\Routing\Router.php(635): Illuminate\Routing\Router->runRouteWithinStack(Object(Illuminate\Routing\Route), Object(Illuminate\Http\Request))
#32 C:\Users\Olgerd\Desktop\lara-cms\vendor\laravel\framework\src\Illuminate\Routing\Router.php(601): Illuminate\Routing\Router->runRoute(Object(Illuminate\Http\Request), Object(Illuminate\Routing\Route))
#33 C:\Users\Olgerd\Desktop\lara-cms\vendor\october\rain\src\Router\CoreRouter.php(20): Illuminate\Routing\Router->dispatchToRoute(Object(Illuminate\Http\Request))
#34 C:\Users\Olgerd\Desktop\lara-cms\vendor\laravel\framework\src\Illuminate\Foundation\Http\Kernel.php(176): October\Rain\Router\CoreRouter->dispatch(Object(Illuminate\Http\Request))
#35 C:\Users\Olgerd\Desktop\lara-cms\vendor\laravel\framework\src\Illuminate\Routing\Pipeline.php(30): Illuminate\Foundation\Http\Kernel->Illuminate\Foundation\Http\{closure}(Object(Illuminate\Http\Request))
#36 C:\Users\Olgerd\Desktop\lara-cms\vendor\laravel\framework\src\Illuminate\Foundation\Http\Middleware\CheckForMaintenanceMode.php(46): Illuminate\Routing\Pipeline->Illuminate\Routing\{closure}(Object(Illuminate\Http\Request))
#37 C:\Users\Olgerd\Desktop\lara-cms\vendor\october\rain\src\Foundation\Http\Middleware\CheckForMaintenanceMode.php(25): Illuminate\Foundation\Http\Middleware\CheckForMaintenanceMode->handle(Object(Illuminate\Http\Request), Object(Closure))
#38 C:\Users\Olgerd\Desktop\lara-cms\vendor\laravel\framework\src\Illuminate\Pipeline\Pipeline.php(149): October\Rain\Foundation\Http\Middleware\CheckForMaintenanceMode->handle(Object(Illuminate\Http\Request), Object(Closure))
#39 C:\Users\Olgerd\Desktop\lara-cms\vendor\laravel\framework\src\Illuminate\Routing\Pipeline.php(53): Illuminate\Pipeline\Pipeline->Illuminate\Pipeline\{closure}(Object(Illuminate\Http\Request))
#40 C:\Users\Olgerd\Desktop\lara-cms\vendor\laravel\framework\src\Illuminate\Pipeline\Pipeline.php(102): Illuminate\Routing\Pipeline->Illuminate\Routing\{closure}(Object(Illuminate\Http\Request))
#41 C:\Users\Olgerd\Desktop\lara-cms\vendor\laravel\framework\src\Illuminate\Foundation\Http\Kernel.php(151): Illuminate\Pipeline\Pipeline->then(Object(Closure))
#42 C:\Users\Olgerd\Desktop\lara-cms\vendor\laravel\framework\src\Illuminate\Foundation\Http\Kernel.php(116): Illuminate\Foundation\Http\Kernel->sendRequestThroughRouter(Object(Illuminate\Http\Request))
#43 C:\Users\Olgerd\Desktop\lara-cms\index.php(43): Illuminate\Foundation\Http\Kernel->handle(Object(Illuminate\Http\Request))
#44 C:\Users\Olgerd\Desktop\lara-cms\server.php(17): require_once('C:\\Users\\Olgerd...')
#45 {main}  
[2021-03-06 09:55:13] development.ERROR: Symfony\Component\Debug\Exception\FatalThrowableError: Parse error: syntax error, unexpected 'dist' (T_STRING), expecting ']' in C:\Users\Olgerd\Desktop\lara-cms\modules\cms\classes\CodeParser.php(291) : eval()'d code:6
Stack trace:
#0 C:\Users\Olgerd\Desktop\lara-cms\modules\cms\classes\CodeParser.php(154): Cms\Classes\CodeParser->validate('<?php \r\nclass C...')
#1 C:\Users\Olgerd\Desktop\lara-cms\modules\cms\classes\CodeParser.php(112): Cms\Classes\CodeParser->rebuild('C:\\Users\\Olgerd...')
#2 C:\Users\Olgerd\Desktop\lara-cms\modules\cms\classes\CodeParser.php(172): Cms\Classes\CodeParser->parse()
#3 C:\Users\Olgerd\Desktop\lara-cms\modules\cms\classes\Controller.php(631): Cms\Classes\CodeParser->source(Object(Cms\Classes\Page), Object(Cms\Classes\Layout), Object(Cms\Classes\Controller))
#4 C:\Users\Olgerd\Desktop\lara-cms\modules\cms\classes\Controller.php(332): Cms\Classes\Controller->initCustomObjects()
#5 C:\Users\Olgerd\Desktop\lara-cms\modules\cms\classes\Controller.php(225): Cms\Classes\Controller->runPage(Object(Cms\Classes\Page))
#6 C:\Users\Olgerd\Desktop\lara-cms\modules\cms\classes\CmsController.php(50): Cms\Classes\Controller->run('some-page')
#7 [internal function]: Cms\Classes\CmsController->run('some-page')
#8 C:\Users\Olgerd\Desktop\lara-cms\vendor\laravel\framework\src\Illuminate\Routing\Controller.php(54): call_user_func_array(Array, Array)
#9 C:\Users\Olgerd\Desktop\lara-cms\vendor\laravel\framework\src\Illuminate\Routing\ControllerDispatcher.php(45): Illuminate\Routing\Controller->callAction('run', Array)
#10 C:\Users\Olgerd\Desktop\lara-cms\vendor\laravel\framework\src\Illuminate\Routing\Route.php(212): Illuminate\Routing\ControllerDispatcher->dispatch(Object(Illuminate\Routing\Route), Object(Cms\Classes\CmsController), 'run')
#11 C:\Users\Olgerd\Desktop\lara-cms\vendor\laravel\framework\src\Illuminate\Routing\Route.php(169): Illuminate\Routing\Route->runController()
#12 C:\Users\Olgerd\Desktop\lara-cms\vendor\laravel\framework\src\Illuminate\Routing\Router.php(658): Illuminate\Routing\Route->run()
#13 C:\Users\Olgerd\Desktop\lara-cms\vendor\laravel\framework\src\Illuminate\Routing\Pipeline.php(30): Illuminate\Routing\Router->Illuminate\Routing\{closure}(Object(Illuminate\Http\Request))
#14 C:\Users\Olgerd\Desktop\lara-cms\vendor\laravel\framework\src\Illuminate\Routing\Middleware\SubstituteBindings.php(41): Illuminate\Routing\Pipeline->Illuminate\Routing\{closure}(Object(Illuminate\Http\Request))
#15 C:\Users\Olgerd\Desktop\lara-cms\vendor\laravel\framework\src\Illuminate\Pipeline\Pipeline.php(149): Illuminate\Routing\Middleware\SubstituteBindings->handle(Object(Illuminate\Http\Request), Object(Closure))
#16 C:\Users\Olgerd\Desktop\lara-cms\vendor\laravel\framework\src\Illuminate\Routing\Pipeline.php(53): Illuminate\Pipeline\Pipeline->Illuminate\Pipeline\{closure}(Object(Illuminate\Http\Request))
#17 C:\Users\Olgerd\Desktop\lara-cms\vendor\laravel\framework\src\Illuminate\View\Middleware\ShareErrorsFromSession.php(49): Illuminate\Routing\Pipeline->Illuminate\Routing\{closure}(Object(Illuminate\Http\Request))
#18 C:\Users\Olgerd\Desktop\lara-cms\vendor\laravel\framework\src\Illuminate\Pipeline\Pipeline.php(149): Illuminate\View\Middleware\ShareErrorsFromSession->handle(Object(Illuminate\Http\Request), Object(Closure))
#19 C:\Users\Olgerd\Desktop\lara-cms\vendor\laravel\framework\src\Illuminate\Routing\Pipeline.php(53): Illuminate\Pipeline\Pipeline->Illuminate\Pipeline\{closure}(Object(Illuminate\Http\Request))
#20 C:\Users\Olgerd\Desktop\lara-cms\vendor\laravel\framework\src\Illuminate\Session\Middleware\StartSession.php(63): Illuminate\Routing\Pipeline->Illuminate\Routing\{closure}(Object(Illuminate\Http\Request))
#21 C:\Users\Olgerd\Desktop\lara-cms\vendor\laravel\framework\src\Illuminate\Pipeline\Pipeline.php(149): Illuminate\Session\Middleware\StartSession->handle(Object(Illuminate\Http\Request), Object(Closure))
#22 C:\Users\Olgerd\Desktop\lara-cms\vendor\laravel\framework\src\Illuminate\Routing\Pipeline.php(53): Illuminate\Pipeline\Pipeline->Illuminate\Pipeline\{closure}(Object(Illuminate\Http\Request))
#23 C:\Users\Olgerd\Desktop\lara-cms\vendor\laravel\framework\src\Illuminate\Cookie\Middleware\AddQueuedCookiesToResponse.php(37): Illuminate\Routing\Pipeline->Illuminate\Routing\{closure}(Object(Illuminate\Http\Request))
#24 C:\Users\Olgerd\Desktop\lara-cms\vendor\laravel\framework\src\Illuminate\Pipeline\Pipeline.php(149): Illuminate\Cookie\Middleware\AddQueuedCookiesToResponse->handle(Object(Illuminate\Http\Request), Object(Closure))
#25 C:\Users\Olgerd\Desktop\lara-cms\vendor\laravel\framework\src\Illuminate\Routing\Pipeline.php(53): Illuminate\Pipeline\Pipeline->Illuminate\Pipeline\{closure}(Object(Illuminate\Http\Request))
#26 C:\Users\Olgerd\Desktop\lara-cms\vendor\laravel\framework\src\Illuminate\Cookie\Middleware\EncryptCookies.php(68): Illuminate\Routing\Pipeline->Illuminate\Routing\{closure}(Object(Illuminate\Http\Request))
#27 C:\Users\Olgerd\Desktop\lara-cms\vendor\laravel\framework\src\Illuminate\Pipeline\Pipeline.php(149): Illuminate\Cookie\Middleware\EncryptCookies->handle(Object(Illuminate\Http\Request), Object(Closure))
#28 C:\Users\Olgerd\Desktop\lara-cms\vendor\laravel\framework\src\Illuminate\Routing\Pipeline.php(53): Illuminate\Pipeline\Pipeline->Illuminate\Pipeline\{closure}(Object(Illuminate\Http\Request))
#29 C:\Users\Olgerd\Desktop\lara-cms\vendor\laravel\framework\src\Illuminate\Pipeline\Pipeline.php(102): Illuminate\Routing\Pipeline->Illuminate\Routing\{closure}(Object(Illuminate\Http\Request))
#30 C:\Users\Olgerd\Desktop\lara-cms\vendor\laravel\framework\src\Illuminate\Routing\Router.php(660): Illuminate\Pipeline\Pipeline->then(Object(Closure))
#31 C:\Users\Olgerd\Desktop\lara-cms\vendor\laravel\framework\src\Illuminate\Routing\Router.php(635): Illuminate\Routing\Router->runRouteWithinStack(Object(Illuminate\Routing\Route), Object(Illuminate\Http\Request))
#32 C:\Users\Olgerd\Desktop\lara-cms\vendor\laravel\framework\src\Illuminate\Routing\Router.php(601): Illuminate\Routing\Router->runRoute(Object(Illuminate\Http\Request), Object(Illuminate\Routing\Route))
#33 C:\Users\Olgerd\Desktop\lara-cms\vendor\october\rain\src\Router\CoreRouter.php(20): Illuminate\Routing\Router->dispatchToRoute(Object(Illuminate\Http\Request))
#34 C:\Users\Olgerd\Desktop\lara-cms\vendor\laravel\framework\src\Illuminate\Foundation\Http\Kernel.php(176): October\Rain\Router\CoreRouter->dispatch(Object(Illuminate\Http\Request))
#35 C:\Users\Olgerd\Desktop\lara-cms\vendor\laravel\framework\src\Illuminate\Routing\Pipeline.php(30): Illuminate\Foundation\Http\Kernel->Illuminate\Foundation\Http\{closure}(Object(Illuminate\Http\Request))
#36 C:\Users\Olgerd\Desktop\lara-cms\vendor\laravel\framework\src\Illuminate\Foundation\Http\Middleware\CheckForMaintenanceMode.php(46): Illuminate\Routing\Pipeline->Illuminate\Routing\{closure}(Object(Illuminate\Http\Request))
#37 C:\Users\Olgerd\Desktop\lara-cms\vendor\october\rain\src\Foundation\Http\Middleware\CheckForMaintenanceMode.php(25): Illuminate\Foundation\Http\Middleware\CheckForMaintenanceMode->handle(Object(Illuminate\Http\Request), Object(Closure))
#38 C:\Users\Olgerd\Desktop\lara-cms\vendor\laravel\framework\src\Illuminate\Pipeline\Pipeline.php(149): October\Rain\Foundation\Http\Middleware\CheckForMaintenanceMode->handle(Object(Illuminate\Http\Request), Object(Closure))
#39 C:\Users\Olgerd\Desktop\lara-cms\vendor\laravel\framework\src\Illuminate\Routing\Pipeline.php(53): Illuminate\Pipeline\Pipeline->Illuminate\Pipeline\{closure}(Object(Illuminate\Http\Request))
#40 C:\Users\Olgerd\Desktop\lara-cms\vendor\laravel\framework\src\Illuminate\Pipeline\Pipeline.php(102): Illuminate\Routing\Pipeline->Illuminate\Routing\{closure}(Object(Illuminate\Http\Request))
#41 C:\Users\Olgerd\Desktop\lara-cms\vendor\laravel\framework\src\Illuminate\Foundation\Http\Kernel.php(151): Illuminate\Pipeline\Pipeline->then(Object(Closure))
#42 C:\Users\Olgerd\Desktop\lara-cms\vendor\laravel\framework\src\Illuminate\Foundation\Http\Kernel.php(116): Illuminate\Foundation\Http\Kernel->sendRequestThroughRouter(Object(Illuminate\Http\Request))
#43 C:\Users\Olgerd\Desktop\lara-cms\index.php(43): Illuminate\Foundation\Http\Kernel->handle(Object(Illuminate\Http\Request))
#44 C:\Users\Olgerd\Desktop\lara-cms\server.php(17): require_once('C:\\Users\\Olgerd...')
#45 {main}  
[2021-03-06 09:57:12] development.ERROR: Symfony\Component\Debug\Exception\FatalThrowableError: Parse error: syntax error, unexpected 'dist' (T_STRING), expecting ']' in C:\Users\Olgerd\Desktop\lara-cms\modules\cms\classes\CodeParser.php(291) : eval()'d code:7
Stack trace:
#0 C:\Users\Olgerd\Desktop\lara-cms\modules\cms\classes\CodeParser.php(154): Cms\Classes\CodeParser->validate('<?php \r\nclass C...')
#1 C:\Users\Olgerd\Desktop\lara-cms\modules\cms\classes\CodeParser.php(112): Cms\Classes\CodeParser->rebuild('C:\\Users\\Olgerd...')
#2 C:\Users\Olgerd\Desktop\lara-cms\modules\cms\classes\CodeParser.php(172): Cms\Classes\CodeParser->parse()
#3 C:\Users\Olgerd\Desktop\lara-cms\modules\cms\classes\Controller.php(631): Cms\Classes\CodeParser->source(Object(Cms\Classes\Page), Object(Cms\Classes\Layout), Object(Cms\Classes\Controller))
#4 C:\Users\Olgerd\Desktop\lara-cms\modules\cms\classes\Controller.php(332): Cms\Classes\Controller->initCustomObjects()
#5 C:\Users\Olgerd\Desktop\lara-cms\modules\cms\classes\Controller.php(225): Cms\Classes\Controller->runPage(Object(Cms\Classes\Page))
#6 C:\Users\Olgerd\Desktop\lara-cms\modules\cms\classes\CmsController.php(50): Cms\Classes\Controller->run('some-page')
#7 [internal function]: Cms\Classes\CmsController->run('some-page')
#8 C:\Users\Olgerd\Desktop\lara-cms\vendor\laravel\framework\src\Illuminate\Routing\Controller.php(54): call_user_func_array(Array, Array)
#9 C:\Users\Olgerd\Desktop\lara-cms\vendor\laravel\framework\src\Illuminate\Routing\ControllerDispatcher.php(45): Illuminate\Routing\Controller->callAction('run', Array)
#10 C:\Users\Olgerd\Desktop\lara-cms\vendor\laravel\framework\src\Illuminate\Routing\Route.php(212): Illuminate\Routing\ControllerDispatcher->dispatch(Object(Illuminate\Routing\Route), Object(Cms\Classes\CmsController), 'run')
#11 C:\Users\Olgerd\Desktop\lara-cms\vendor\laravel\framework\src\Illuminate\Routing\Route.php(169): Illuminate\Routing\Route->runController()
#12 C:\Users\Olgerd\Desktop\lara-cms\vendor\laravel\framework\src\Illuminate\Routing\Router.php(658): Illuminate\Routing\Route->run()
#13 C:\Users\Olgerd\Desktop\lara-cms\vendor\laravel\framework\src\Illuminate\Routing\Pipeline.php(30): Illuminate\Routing\Router->Illuminate\Routing\{closure}(Object(Illuminate\Http\Request))
#14 C:\Users\Olgerd\Desktop\lara-cms\vendor\laravel\framework\src\Illuminate\Routing\Middleware\SubstituteBindings.php(41): Illuminate\Routing\Pipeline->Illuminate\Routing\{closure}(Object(Illuminate\Http\Request))
#15 C:\Users\Olgerd\Desktop\lara-cms\vendor\laravel\framework\src\Illuminate\Pipeline\Pipeline.php(149): Illuminate\Routing\Middleware\SubstituteBindings->handle(Object(Illuminate\Http\Request), Object(Closure))
#16 C:\Users\Olgerd\Desktop\lara-cms\vendor\laravel\framework\src\Illuminate\Routing\Pipeline.php(53): Illuminate\Pipeline\Pipeline->Illuminate\Pipeline\{closure}(Object(Illuminate\Http\Request))
#17 C:\Users\Olgerd\Desktop\lara-cms\vendor\laravel\framework\src\Illuminate\View\Middleware\ShareErrorsFromSession.php(49): Illuminate\Routing\Pipeline->Illuminate\Routing\{closure}(Object(Illuminate\Http\Request))
#18 C:\Users\Olgerd\Desktop\lara-cms\vendor\laravel\framework\src\Illuminate\Pipeline\Pipeline.php(149): Illuminate\View\Middleware\ShareErrorsFromSession->handle(Object(Illuminate\Http\Request), Object(Closure))
#19 C:\Users\Olgerd\Desktop\lara-cms\vendor\laravel\framework\src\Illuminate\Routing\Pipeline.php(53): Illuminate\Pipeline\Pipeline->Illuminate\Pipeline\{closure}(Object(Illuminate\Http\Request))
#20 C:\Users\Olgerd\Desktop\lara-cms\vendor\laravel\framework\src\Illuminate\Session\Middleware\StartSession.php(63): Illuminate\Routing\Pipeline->Illuminate\Routing\{closure}(Object(Illuminate\Http\Request))
#21 C:\Users\Olgerd\Desktop\lara-cms\vendor\laravel\framework\src\Illuminate\Pipeline\Pipeline.php(149): Illuminate\Session\Middleware\StartSession->handle(Object(Illuminate\Http\Request), Object(Closure))
#22 C:\Users\Olgerd\Desktop\lara-cms\vendor\laravel\framework\src\Illuminate\Routing\Pipeline.php(53): Illuminate\Pipeline\Pipeline->Illuminate\Pipeline\{closure}(Object(Illuminate\Http\Request))
#23 C:\Users\Olgerd\Desktop\lara-cms\vendor\laravel\framework\src\Illuminate\Cookie\Middleware\AddQueuedCookiesToResponse.php(37): Illuminate\Routing\Pipeline->Illuminate\Routing\{closure}(Object(Illuminate\Http\Request))
#24 C:\Users\Olgerd\Desktop\lara-cms\vendor\laravel\framework\src\Illuminate\Pipeline\Pipeline.php(149): Illuminate\Cookie\Middleware\AddQueuedCookiesToResponse->handle(Object(Illuminate\Http\Request), Object(Closure))
#25 C:\Users\Olgerd\Desktop\lara-cms\vendor\laravel\framework\src\Illuminate\Routing\Pipeline.php(53): Illuminate\Pipeline\Pipeline->Illuminate\Pipeline\{closure}(Object(Illuminate\Http\Request))
#26 C:\Users\Olgerd\Desktop\lara-cms\vendor\laravel\framework\src\Illuminate\Cookie\Middleware\EncryptCookies.php(68): Illuminate\Routing\Pipeline->Illuminate\Routing\{closure}(Object(Illuminate\Http\Request))
#27 C:\Users\Olgerd\Desktop\lara-cms\vendor\laravel\framework\src\Illuminate\Pipeline\Pipeline.php(149): Illuminate\Cookie\Middleware\EncryptCookies->handle(Object(Illuminate\Http\Request), Object(Closure))
#28 C:\Users\Olgerd\Desktop\lara-cms\vendor\laravel\framework\src\Illuminate\Routing\Pipeline.php(53): Illuminate\Pipeline\Pipeline->Illuminate\Pipeline\{closure}(Object(Illuminate\Http\Request))
#29 C:\Users\Olgerd\Desktop\lara-cms\vendor\laravel\framework\src\Illuminate\Pipeline\Pipeline.php(102): Illuminate\Routing\Pipeline->Illuminate\Routing\{closure}(Object(Illuminate\Http\Request))
#30 C:\Users\Olgerd\Desktop\lara-cms\vendor\laravel\framework\src\Illuminate\Routing\Router.php(660): Illuminate\Pipeline\Pipeline->then(Object(Closure))
#31 C:\Users\Olgerd\Desktop\lara-cms\vendor\laravel\framework\src\Illuminate\Routing\Router.php(635): Illuminate\Routing\Router->runRouteWithinStack(Object(Illuminate\Routing\Route), Object(Illuminate\Http\Request))
#32 C:\Users\Olgerd\Desktop\lara-cms\vendor\laravel\framework\src\Illuminate\Routing\Router.php(601): Illuminate\Routing\Router->runRoute(Object(Illuminate\Http\Request), Object(Illuminate\Routing\Route))
#33 C:\Users\Olgerd\Desktop\lara-cms\vendor\october\rain\src\Router\CoreRouter.php(20): Illuminate\Routing\Router->dispatchToRoute(Object(Illuminate\Http\Request))
#34 C:\Users\Olgerd\Desktop\lara-cms\vendor\laravel\framework\src\Illuminate\Foundation\Http\Kernel.php(176): October\Rain\Router\CoreRouter->dispatch(Object(Illuminate\Http\Request))
#35 C:\Users\Olgerd\Desktop\lara-cms\vendor\laravel\framework\src\Illuminate\Routing\Pipeline.php(30): Illuminate\Foundation\Http\Kernel->Illuminate\Foundation\Http\{closure}(Object(Illuminate\Http\Request))
#36 C:\Users\Olgerd\Desktop\lara-cms\vendor\laravel\framework\src\Illuminate\Foundation\Http\Middleware\CheckForMaintenanceMode.php(46): Illuminate\Routing\Pipeline->Illuminate\Routing\{closure}(Object(Illuminate\Http\Request))
#37 C:\Users\Olgerd\Desktop\lara-cms\vendor\october\rain\src\Foundation\Http\Middleware\CheckForMaintenanceMode.php(25): Illuminate\Foundation\Http\Middleware\CheckForMaintenanceMode->handle(Object(Illuminate\Http\Request), Object(Closure))
#38 C:\Users\Olgerd\Desktop\lara-cms\vendor\laravel\framework\src\Illuminate\Pipeline\Pipeline.php(149): October\Rain\Foundation\Http\Middleware\CheckForMaintenanceMode->handle(Object(Illuminate\Http\Request), Object(Closure))
#39 C:\Users\Olgerd\Desktop\lara-cms\vendor\laravel\framework\src\Illuminate\Routing\Pipeline.php(53): Illuminate\Pipeline\Pipeline->Illuminate\Pipeline\{closure}(Object(Illuminate\Http\Request))
#40 C:\Users\Olgerd\Desktop\lara-cms\vendor\laravel\framework\src\Illuminate\Pipeline\Pipeline.php(102): Illuminate\Routing\Pipeline->Illuminate\Routing\{closure}(Object(Illuminate\Http\Request))
#41 C:\Users\Olgerd\Desktop\lara-cms\vendor\laravel\framework\src\Illuminate\Foundation\Http\Kernel.php(151): Illuminate\Pipeline\Pipeline->then(Object(Closure))
#42 C:\Users\Olgerd\Desktop\lara-cms\vendor\laravel\framework\src\Illuminate\Foundation\Http\Kernel.php(116): Illuminate\Foundation\Http\Kernel->sendRequestThroughRouter(Object(Illuminate\Http\Request))
#43 C:\Users\Olgerd\Desktop\lara-cms\index.php(43): Illuminate\Foundation\Http\Kernel->handle(Object(Illuminate\Http\Request))
#44 C:\Users\Olgerd\Desktop\lara-cms\server.php(17): require_once('C:\\Users\\Olgerd...')
#45 {main}  
[2021-03-06 09:58:38] development.ERROR: Exception: The Mix manifest does not exist. in C:\Users\Olgerd\Desktop\lara-cms\vendor\laravel\framework\src\Illuminate\Foundation\helpers.php:575
Stack trace:
#0 C:\Users\Olgerd\Desktop\lara-cms\modules\cms\classes\CodeParser.php(291) : eval()'d code(6): mix('/dist/main.js')
#1 C:\Users\Olgerd\Desktop\lara-cms\modules\cms\classes\Controller.php(484): Cms6043524e930fb899854695_333b2cff288688c71be412825b12bff1Class->onStart()
#2 C:\Users\Olgerd\Desktop\lara-cms\modules\cms\classes\Controller.php(394): Cms\Classes\Controller->execPageCycle()
#3 C:\Users\Olgerd\Desktop\lara-cms\modules\cms\classes\Controller.php(225): Cms\Classes\Controller->runPage(Object(Cms\Classes\Page))
#4 C:\Users\Olgerd\Desktop\lara-cms\modules\cms\classes\CmsController.php(50): Cms\Classes\Controller->run('some-page')
#5 [internal function]: Cms\Classes\CmsController->run('some-page')
#6 C:\Users\Olgerd\Desktop\lara-cms\vendor\laravel\framework\src\Illuminate\Routing\Controller.php(54): call_user_func_array(Array, Array)
#7 C:\Users\Olgerd\Desktop\lara-cms\vendor\laravel\framework\src\Illuminate\Routing\ControllerDispatcher.php(45): Illuminate\Routing\Controller->callAction('run', Array)
#8 C:\Users\Olgerd\Desktop\lara-cms\vendor\laravel\framework\src\Illuminate\Routing\Route.php(212): Illuminate\Routing\ControllerDispatcher->dispatch(Object(Illuminate\Routing\Route), Object(Cms\Classes\CmsController), 'run')
#9 C:\Users\Olgerd\Desktop\lara-cms\vendor\laravel\framework\src\Illuminate\Routing\Route.php(169): Illuminate\Routing\Route->runController()
#10 C:\Users\Olgerd\Desktop\lara-cms\vendor\laravel\framework\src\Illuminate\Routing\Router.php(658): Illuminate\Routing\Route->run()
#11 C:\Users\Olgerd\Desktop\lara-cms\vendor\laravel\framework\src\Illuminate\Routing\Pipeline.php(30): Illuminate\Routing\Router->Illuminate\Routing\{closure}(Object(Illuminate\Http\Request))
#12 C:\Users\Olgerd\Desktop\lara-cms\vendor\laravel\framework\src\Illuminate\Routing\Middleware\SubstituteBindings.php(41): Illuminate\Routing\Pipeline->Illuminate\Routing\{closure}(Object(Illuminate\Http\Request))
#13 C:\Users\Olgerd\Desktop\lara-cms\vendor\laravel\framework\src\Illuminate\Pipeline\Pipeline.php(149): Illuminate\Routing\Middleware\SubstituteBindings->handle(Object(Illuminate\Http\Request), Object(Closure))
#14 C:\Users\Olgerd\Desktop\lara-cms\vendor\laravel\framework\src\Illuminate\Routing\Pipeline.php(53): Illuminate\Pipeline\Pipeline->Illuminate\Pipeline\{closure}(Object(Illuminate\Http\Request))
#15 C:\Users\Olgerd\Desktop\lara-cms\vendor\laravel\framework\src\Illuminate\View\Middleware\ShareErrorsFromSession.php(49): Illuminate\Routing\Pipeline->Illuminate\Routing\{closure}(Object(Illuminate\Http\Request))
#16 C:\Users\Olgerd\Desktop\lara-cms\vendor\laravel\framework\src\Illuminate\Pipeline\Pipeline.php(149): Illuminate\View\Middleware\ShareErrorsFromSession->handle(Object(Illuminate\Http\Request), Object(Closure))
#17 C:\Users\Olgerd\Desktop\lara-cms\vendor\laravel\framework\src\Illuminate\Routing\Pipeline.php(53): Illuminate\Pipeline\Pipeline->Illuminate\Pipeline\{closure}(Object(Illuminate\Http\Request))
#18 C:\Users\Olgerd\Desktop\lara-cms\vendor\laravel\framework\src\Illuminate\Session\Middleware\StartSession.php(63): Illuminate\Routing\Pipeline->Illuminate\Routing\{closure}(Object(Illuminate\Http\Request))
#19 C:\Users\Olgerd\Desktop\lara-cms\vendor\laravel\framework\src\Illuminate\Pipeline\Pipeline.php(149): Illuminate\Session\Middleware\StartSession->handle(Object(Illuminate\Http\Request), Object(Closure))
#20 C:\Users\Olgerd\Desktop\lara-cms\vendor\laravel\framework\src\Illuminate\Routing\Pipeline.php(53): Illuminate\Pipeline\Pipeline->Illuminate\Pipeline\{closure}(Object(Illuminate\Http\Request))
#21 C:\Users\Olgerd\Desktop\lara-cms\vendor\laravel\framework\src\Illuminate\Cookie\Middleware\AddQueuedCookiesToResponse.php(37): Illuminate\Routing\Pipeline->Illuminate\Routing\{closure}(Object(Illuminate\Http\Request))
#22 C:\Users\Olgerd\Desktop\lara-cms\vendor\laravel\framework\src\Illuminate\Pipeline\Pipeline.php(149): Illuminate\Cookie\Middleware\AddQueuedCookiesToResponse->handle(Object(Illuminate\Http\Request), Object(Closure))
#23 C:\Users\Olgerd\Desktop\lara-cms\vendor\laravel\framework\src\Illuminate\Routing\Pipeline.php(53): Illuminate\Pipeline\Pipeline->Illuminate\Pipeline\{closure}(Object(Illuminate\Http\Request))
#24 C:\Users\Olgerd\Desktop\lara-cms\vendor\laravel\framework\src\Illuminate\Cookie\Middleware\EncryptCookies.php(68): Illuminate\Routing\Pipeline->Illuminate\Routing\{closure}(Object(Illuminate\Http\Request))
#25 C:\Users\Olgerd\Desktop\lara-cms\vendor\laravel\framework\src\Illuminate\Pipeline\Pipeline.php(149): Illuminate\Cookie\Middleware\EncryptCookies->handle(Object(Illuminate\Http\Request), Object(Closure))
#26 C:\Users\Olgerd\Desktop\lara-cms\vendor\laravel\framework\src\Illuminate\Routing\Pipeline.php(53): Illuminate\Pipeline\Pipeline->Illuminate\Pipeline\{closure}(Object(Illuminate\Http\Request))
#27 C:\Users\Olgerd\Desktop\lara-cms\vendor\laravel\framework\src\Illuminate\Pipeline\Pipeline.php(102): Illuminate\Routing\Pipeline->Illuminate\Routing\{closure}(Object(Illuminate\Http\Request))
#28 C:\Users\Olgerd\Desktop\lara-cms\vendor\laravel\framework\src\Illuminate\Routing\Router.php(660): Illuminate\Pipeline\Pipeline->then(Object(Closure))
#29 C:\Users\Olgerd\Desktop\lara-cms\vendor\laravel\framework\src\Illuminate\Routing\Router.php(635): Illuminate\Routing\Router->runRouteWithinStack(Object(Illuminate\Routing\Route), Object(Illuminate\Http\Request))
#30 C:\Users\Olgerd\Desktop\lara-cms\vendor\laravel\framework\src\Illuminate\Routing\Router.php(601): Illuminate\Routing\Router->runRoute(Object(Illuminate\Http\Request), Object(Illuminate\Routing\Route))
#31 C:\Users\Olgerd\Desktop\lara-cms\vendor\october\rain\src\Router\CoreRouter.php(20): Illuminate\Routing\Router->dispatchToRoute(Object(Illuminate\Http\Request))
#32 C:\Users\Olgerd\Desktop\lara-cms\vendor\laravel\framework\src\Illuminate\Foundation\Http\Kernel.php(176): October\Rain\Router\CoreRouter->dispatch(Object(Illuminate\Http\Request))
#33 C:\Users\Olgerd\Desktop\lara-cms\vendor\laravel\framework\src\Illuminate\Routing\Pipeline.php(30): Illuminate\Foundation\Http\Kernel->Illuminate\Foundation\Http\{closure}(Object(Illuminate\Http\Request))
#34 C:\Users\Olgerd\Desktop\lara-cms\vendor\laravel\framework\src\Illuminate\Foundation\Http\Middleware\CheckForMaintenanceMode.php(46): Illuminate\Routing\Pipeline->Illuminate\Routing\{closure}(Object(Illuminate\Http\Request))
#35 C:\Users\Olgerd\Desktop\lara-cms\vendor\october\rain\src\Foundation\Http\Middleware\CheckForMaintenanceMode.php(25): Illuminate\Foundation\Http\Middleware\CheckForMaintenanceMode->handle(Object(Illuminate\Http\Request), Object(Closure))
#36 C:\Users\Olgerd\Desktop\lara-cms\vendor\laravel\framework\src\Illuminate\Pipeline\Pipeline.php(149): October\Rain\Foundation\Http\Middleware\CheckForMaintenanceMode->handle(Object(Illuminate\Http\Request), Object(Closure))
#37 C:\Users\Olgerd\Desktop\lara-cms\vendor\laravel\framework\src\Illuminate\Routing\Pipeline.php(53): Illuminate\Pipeline\Pipeline->Illuminate\Pipeline\{closure}(Object(Illuminate\Http\Request))
#38 C:\Users\Olgerd\Desktop\lara-cms\vendor\laravel\framework\src\Illuminate\Pipeline\Pipeline.php(102): Illuminate\Routing\Pipeline->Illuminate\Routing\{closure}(Object(Illuminate\Http\Request))
#39 C:\Users\Olgerd\Desktop\lara-cms\vendor\laravel\framework\src\Illuminate\Foundation\Http\Kernel.php(151): Illuminate\Pipeline\Pipeline->then(Object(Closure))
#40 C:\Users\Olgerd\Desktop\lara-cms\vendor\laravel\framework\src\Illuminate\Foundation\Http\Kernel.php(116): Illuminate\Foundation\Http\Kernel->sendRequestThroughRouter(Object(Illuminate\Http\Request))
#41 C:\Users\Olgerd\Desktop\lara-cms\index.php(43): Illuminate\Foundation\Http\Kernel->handle(Object(Illuminate\Http\Request))
#42 C:\Users\Olgerd\Desktop\lara-cms\server.php(17): require_once('C:\\Users\\Olgerd...')
#43 {main}  
[2021-03-06 10:02:31] development.ERROR: Exception: The Mix manifest does not exist. in C:\Users\Olgerd\Desktop\lara-cms\vendor\laravel\framework\src\Illuminate\Foundation\helpers.php:575
Stack trace:
#0 C:\Users\Olgerd\Desktop\lara-cms\modules\cms\classes\CodeParser.php(291) : eval()'d code(6): mix('/dist/main.js')
#1 C:\Users\Olgerd\Desktop\lara-cms\modules\cms\classes\Controller.php(484): Cms60435337802de248135280_e2aecada9db98c783bc8138a8991f691Class->onStart()
#2 C:\Users\Olgerd\Desktop\lara-cms\modules\cms\classes\Controller.php(394): Cms\Classes\Controller->execPageCycle()
#3 C:\Users\Olgerd\Desktop\lara-cms\modules\cms\classes\Controller.php(225): Cms\Classes\Controller->runPage(Object(Cms\Classes\Page))
#4 C:\Users\Olgerd\Desktop\lara-cms\modules\cms\classes\CmsController.php(50): Cms\Classes\Controller->run('some-page')
#5 [internal function]: Cms\Classes\CmsController->run('some-page')
#6 C:\Users\Olgerd\Desktop\lara-cms\vendor\laravel\framework\src\Illuminate\Routing\Controller.php(54): call_user_func_array(Array, Array)
#7 C:\Users\Olgerd\Desktop\lara-cms\vendor\laravel\framework\src\Illuminate\Routing\ControllerDispatcher.php(45): Illuminate\Routing\Controller->callAction('run', Array)
#8 C:\Users\Olgerd\Desktop\lara-cms\vendor\laravel\framework\src\Illuminate\Routing\Route.php(212): Illuminate\Routing\ControllerDispatcher->dispatch(Object(Illuminate\Routing\Route), Object(Cms\Classes\CmsController), 'run')
#9 C:\Users\Olgerd\Desktop\lara-cms\vendor\laravel\framework\src\Illuminate\Routing\Route.php(169): Illuminate\Routing\Route->runController()
#10 C:\Users\Olgerd\Desktop\lara-cms\vendor\laravel\framework\src\Illuminate\Routing\Router.php(658): Illuminate\Routing\Route->run()
#11 C:\Users\Olgerd\Desktop\lara-cms\vendor\laravel\framework\src\Illuminate\Routing\Pipeline.php(30): Illuminate\Routing\Router->Illuminate\Routing\{closure}(Object(Illuminate\Http\Request))
#12 C:\Users\Olgerd\Desktop\lara-cms\vendor\laravel\framework\src\Illuminate\Routing\Middleware\SubstituteBindings.php(41): Illuminate\Routing\Pipeline->Illuminate\Routing\{closure}(Object(Illuminate\Http\Request))
#13 C:\Users\Olgerd\Desktop\lara-cms\vendor\laravel\framework\src\Illuminate\Pipeline\Pipeline.php(149): Illuminate\Routing\Middleware\SubstituteBindings->handle(Object(Illuminate\Http\Request), Object(Closure))
#14 C:\Users\Olgerd\Desktop\lara-cms\vendor\laravel\framework\src\Illuminate\Routing\Pipeline.php(53): Illuminate\Pipeline\Pipeline->Illuminate\Pipeline\{closure}(Object(Illuminate\Http\Request))
#15 C:\Users\Olgerd\Desktop\lara-cms\vendor\laravel\framework\src\Illuminate\View\Middleware\ShareErrorsFromSession.php(49): Illuminate\Routing\Pipeline->Illuminate\Routing\{closure}(Object(Illuminate\Http\Request))
#16 C:\Users\Olgerd\Desktop\lara-cms\vendor\laravel\framework\src\Illuminate\Pipeline\Pipeline.php(149): Illuminate\View\Middleware\ShareErrorsFromSession->handle(Object(Illuminate\Http\Request), Object(Closure))
#17 C:\Users\Olgerd\Desktop\lara-cms\vendor\laravel\framework\src\Illuminate\Routing\Pipeline.php(53): Illuminate\Pipeline\Pipeline->Illuminate\Pipeline\{closure}(Object(Illuminate\Http\Request))
#18 C:\Users\Olgerd\Desktop\lara-cms\vendor\laravel\framework\src\Illuminate\Session\Middleware\StartSession.php(63): Illuminate\Routing\Pipeline->Illuminate\Routing\{closure}(Object(Illuminate\Http\Request))
#19 C:\Users\Olgerd\Desktop\lara-cms\vendor\laravel\framework\src\Illuminate\Pipeline\Pipeline.php(149): Illuminate\Session\Middleware\StartSession->handle(Object(Illuminate\Http\Request), Object(Closure))
#20 C:\Users\Olgerd\Desktop\lara-cms\vendor\laravel\framework\src\Illuminate\Routing\Pipeline.php(53): Illuminate\Pipeline\Pipeline->Illuminate\Pipeline\{closure}(Object(Illuminate\Http\Request))
#21 C:\Users\Olgerd\Desktop\lara-cms\vendor\laravel\framework\src\Illuminate\Cookie\Middleware\AddQueuedCookiesToResponse.php(37): Illuminate\Routing\Pipeline->Illuminate\Routing\{closure}(Object(Illuminate\Http\Request))
#22 C:\Users\Olgerd\Desktop\lara-cms\vendor\laravel\framework\src\Illuminate\Pipeline\Pipeline.php(149): Illuminate\Cookie\Middleware\AddQueuedCookiesToResponse->handle(Object(Illuminate\Http\Request), Object(Closure))
#23 C:\Users\Olgerd\Desktop\lara-cms\vendor\laravel\framework\src\Illuminate\Routing\Pipeline.php(53): Illuminate\Pipeline\Pipeline->Illuminate\Pipeline\{closure}(Object(Illuminate\Http\Request))
#24 C:\Users\Olgerd\Desktop\lara-cms\vendor\laravel\framework\src\Illuminate\Cookie\Middleware\EncryptCookies.php(68): Illuminate\Routing\Pipeline->Illuminate\Routing\{closure}(Object(Illuminate\Http\Request))
#25 C:\Users\Olgerd\Desktop\lara-cms\vendor\laravel\framework\src\Illuminate\Pipeline\Pipeline.php(149): Illuminate\Cookie\Middleware\EncryptCookies->handle(Object(Illuminate\Http\Request), Object(Closure))
#26 C:\Users\Olgerd\Desktop\lara-cms\vendor\laravel\framework\src\Illuminate\Routing\Pipeline.php(53): Illuminate\Pipeline\Pipeline->Illuminate\Pipeline\{closure}(Object(Illuminate\Http\Request))
#27 C:\Users\Olgerd\Desktop\lara-cms\vendor\laravel\framework\src\Illuminate\Pipeline\Pipeline.php(102): Illuminate\Routing\Pipeline->Illuminate\Routing\{closure}(Object(Illuminate\Http\Request))
#28 C:\Users\Olgerd\Desktop\lara-cms\vendor\laravel\framework\src\Illuminate\Routing\Router.php(660): Illuminate\Pipeline\Pipeline->then(Object(Closure))
#29 C:\Users\Olgerd\Desktop\lara-cms\vendor\laravel\framework\src\Illuminate\Routing\Router.php(635): Illuminate\Routing\Router->runRouteWithinStack(Object(Illuminate\Routing\Route), Object(Illuminate\Http\Request))
#30 C:\Users\Olgerd\Desktop\lara-cms\vendor\laravel\framework\src\Illuminate\Routing\Router.php(601): Illuminate\Routing\Router->runRoute(Object(Illuminate\Http\Request), Object(Illuminate\Routing\Route))
#31 C:\Users\Olgerd\Desktop\lara-cms\vendor\october\rain\src\Router\CoreRouter.php(20): Illuminate\Routing\Router->dispatchToRoute(Object(Illuminate\Http\Request))
#32 C:\Users\Olgerd\Desktop\lara-cms\vendor\laravel\framework\src\Illuminate\Foundation\Http\Kernel.php(176): October\Rain\Router\CoreRouter->dispatch(Object(Illuminate\Http\Request))
#33 C:\Users\Olgerd\Desktop\lara-cms\vendor\laravel\framework\src\Illuminate\Routing\Pipeline.php(30): Illuminate\Foundation\Http\Kernel->Illuminate\Foundation\Http\{closure}(Object(Illuminate\Http\Request))
#34 C:\Users\Olgerd\Desktop\lara-cms\vendor\laravel\framework\src\Illuminate\Foundation\Http\Middleware\CheckForMaintenanceMode.php(46): Illuminate\Routing\Pipeline->Illuminate\Routing\{closure}(Object(Illuminate\Http\Request))
#35 C:\Users\Olgerd\Desktop\lara-cms\vendor\october\rain\src\Foundation\Http\Middleware\CheckForMaintenanceMode.php(25): Illuminate\Foundation\Http\Middleware\CheckForMaintenanceMode->handle(Object(Illuminate\Http\Request), Object(Closure))
#36 C:\Users\Olgerd\Desktop\lara-cms\vendor\laravel\framework\src\Illuminate\Pipeline\Pipeline.php(149): October\Rain\Foundation\Http\Middleware\CheckForMaintenanceMode->handle(Object(Illuminate\Http\Request), Object(Closure))
#37 C:\Users\Olgerd\Desktop\lara-cms\vendor\laravel\framework\src\Illuminate\Routing\Pipeline.php(53): Illuminate\Pipeline\Pipeline->Illuminate\Pipeline\{closure}(Object(Illuminate\Http\Request))
#38 C:\Users\Olgerd\Desktop\lara-cms\vendor\laravel\framework\src\Illuminate\Pipeline\Pipeline.php(102): Illuminate\Routing\Pipeline->Illuminate\Routing\{closure}(Object(Illuminate\Http\Request))
#39 C:\Users\Olgerd\Desktop\lara-cms\vendor\laravel\framework\src\Illuminate\Foundation\Http\Kernel.php(151): Illuminate\Pipeline\Pipeline->then(Object(Closure))
#40 C:\Users\Olgerd\Desktop\lara-cms\vendor\laravel\framework\src\Illuminate\Foundation\Http\Kernel.php(116): Illuminate\Foundation\Http\Kernel->sendRequestThroughRouter(Object(Illuminate\Http\Request))
#41 C:\Users\Olgerd\Desktop\lara-cms\index.php(43): Illuminate\Foundation\Http\Kernel->handle(Object(Illuminate\Http\Request))
#42 C:\Users\Olgerd\Desktop\lara-cms\server.php(17): require_once('C:\\Users\\Olgerd...')
#43 {main}  
[2021-03-06 13:20:18] development.ERROR: PDOException: SQLSTATE[HY000] [2002] No connection could be made because the target machine actively refused it.
 in C:\Users\Olgerd\Desktop\lara-cms\vendor\doctrine\dbal\lib\Doctrine\DBAL\Driver\PDOConnection.php:43
Stack trace:
#0 C:\Users\Olgerd\Desktop\lara-cms\vendor\doctrine\dbal\lib\Doctrine\DBAL\Driver\PDOConnection.php(43): PDO->__construct('mysql:host=loca...', 'lavalite', 'Prenosgelo58', Array)
#1 C:\Users\Olgerd\Desktop\lara-cms\vendor\laravel\framework\src\Illuminate\Database\Connectors\Connector.php(64): Doctrine\DBAL\Driver\PDOConnection->__construct('mysql:host=loca...', 'lavalite', 'Prenosgelo58', Array)
#2 C:\Users\Olgerd\Desktop\lara-cms\vendor\laravel\framework\src\Illuminate\Database\Connectors\Connector.php(43): Illuminate\Database\Connectors\Connector->createPdoConnection('mysql:host=loca...', 'lavalite', 'Prenosgelo58', Array)
#3 C:\Users\Olgerd\Desktop\lara-cms\vendor\laravel\framework\src\Illuminate\Database\Connectors\MySqlConnector.php(24): Illuminate\Database\Connectors\Connector->createConnection('mysql:host=loca...', Array, Array)
#4 C:\Users\Olgerd\Desktop\lara-cms\vendor\october\rain\src\Database\Connectors\ConnectionFactory.php(29): Illuminate\Database\Connectors\MySqlConnector->connect(Array)
#5 [internal function]: October\Rain\Database\Connectors\ConnectionFactory->October\Rain\Database\Connectors\{closure}()
#6 C:\Users\Olgerd\Desktop\lara-cms\vendor\laravel\framework\src\Illuminate\Database\Connection.php(915): call_user_func(Object(Closure))
#7 C:\Users\Olgerd\Desktop\lara-cms\vendor\laravel\framework\src\Illuminate\Database\Connection.php(940): Illuminate\Database\Connection->getPdo()
#8 C:\Users\Olgerd\Desktop\lara-cms\vendor\laravel\framework\src\Illuminate\Database\Connection.php(399): Illuminate\Database\Connection->getReadPdo()
#9 C:\Users\Olgerd\Desktop\lara-cms\vendor\laravel\framework\src\Illuminate\Database\Connection.php(325): Illuminate\Database\Connection->getPdoForSelect(true)
#10 C:\Users\Olgerd\Desktop\lara-cms\vendor\laravel\framework\src\Illuminate\Database\Connection.php(657): Illuminate\Database\Connection->Illuminate\Database\{closure}('select * from `...', Array)
#11 C:\Users\Olgerd\Desktop\lara-cms\vendor\laravel\framework\src\Illuminate\Database\Connection.php(624): Illuminate\Database\Connection->runQueryCallback('select * from `...', Array, Object(Closure))
#12 C:\Users\Olgerd\Desktop\lara-cms\vendor\laravel\framework\src\Illuminate\Database\Connection.php(333): Illuminate\Database\Connection->run('select * from `...', Array, Object(Closure))
#13 C:\Users\Olgerd\Desktop\lara-cms\vendor\laravel\framework\src\Illuminate\Database\Query\Builder.php(1719): Illuminate\Database\Connection->select('select * from `...', Array, true)
#14 C:\Users\Olgerd\Desktop\lara-cms\vendor\laravel\framework\src\Illuminate\Database\Query\Builder.php(1704): Illuminate\Database\Query\Builder->runSelect()
#15 C:\Users\Olgerd\Desktop\lara-cms\vendor\october\rain\src\Database\QueryBuilder.php(122): Illuminate\Database\Query\Builder->get(Array)
#16 C:\Users\Olgerd\Desktop\lara-cms\vendor\october\rain\src\Database\QueryBuilder.php(92): October\Rain\Database\QueryBuilder->getDuplicateCached(Array)
#17 C:\Users\Olgerd\Desktop\lara-cms\vendor\laravel\framework\src\Illuminate\Database\Eloquent\Builder.php(481): October\Rain\Database\QueryBuilder->get(Array)
#18 C:\Users\Olgerd\Desktop\lara-cms\vendor\laravel\framework\src\Illuminate\Database\Eloquent\Builder.php(465): Illuminate\Database\Eloquent\Builder->getModels(Array)
#19 C:\Users\Olgerd\Desktop\lara-cms\vendor\laravel\framework\src\Illuminate\Database\Concerns\BuildsQueries.php(77): Illuminate\Database\Eloquent\Builder->get(Array)
#20 C:\Users\Olgerd\Desktop\lara-cms\vendor\laravel\framework\src\Illuminate\Database\Eloquent\Builder.php(291): Illuminate\Database\Eloquent\Builder->first(Array)
#21 C:\Users\Olgerd\Desktop\lara-cms\vendor\october\rain\src\Auth\Manager.php(178): Illuminate\Database\Eloquent\Builder->find(1)
#22 C:\Users\Olgerd\Desktop\lara-cms\vendor\october\rain\src\Auth\Manager.php(488): October\Rain\Auth\Manager->findUserById(1)
#23 C:\Users\Olgerd\Desktop\lara-cms\vendor\october\rain\src\Auth\Manager.php(162): October\Rain\Auth\Manager->check()
#24 C:\Users\Olgerd\Desktop\lara-cms\vendor\laravel\framework\src\Illuminate\Support\Facades\Facade.php(221): October\Rain\Auth\Manager->getUser()
#25 C:\Users\Olgerd\Desktop\lara-cms\modules\backend\classes\Controller.php(151): Illuminate\Support\Facades\Facade::__callStatic('getUser', Array)
#26 C:\Users\Olgerd\Desktop\lara-cms\modules\backend\controllers\Index.php(30): Backend\Classes\Controller->__construct()
#27 [internal function]: Backend\Controllers\Index->__construct()
#28 C:\Users\Olgerd\Desktop\lara-cms\vendor\laravel\framework\src\Illuminate\Container\Container.php(785): ReflectionClass->newInstanceArgs(Array)
#29 C:\Users\Olgerd\Desktop\lara-cms\vendor\laravel\framework\src\Illuminate\Container\Container.php(631): Illuminate\Container\Container->build('\\backend\\Contro...')
#30 C:\Users\Olgerd\Desktop\lara-cms\vendor\laravel\framework\src\Illuminate\Container\Container.php(586): Illuminate\Container\Container->resolve('\\backend\\Contro...', Array)
#31 C:\Users\Olgerd\Desktop\lara-cms\vendor\laravel\framework\src\Illuminate\Foundation\Application.php(732): Illuminate\Container\Container->make('\\backend\\Contro...', Array)
#32 C:\Users\Olgerd\Desktop\lara-cms\vendor\october\rain\src\Foundation\Application.php(188): Illuminate\Foundation\Application->make('\\backend\\Contro...')
#33 C:\Users\Olgerd\Desktop\lara-cms\vendor\laravel\framework\src\Illuminate\Support\Facades\Facade.php(221): October\Rain\Foundation\Application->make('\\backend\\Contro...')
#34 C:\Users\Olgerd\Desktop\lara-cms\modules\backend\classes\BackendController.php(269): Illuminate\Support\Facades\Facade::__callStatic('make', Array)
#35 C:\Users\Olgerd\Desktop\lara-cms\modules\backend\classes\BackendController.php(200): Backend\Classes\BackendController->findController('\\backend\\Contro...', 'index', 'C:\\Users\\Olgerd...')
#36 C:\Users\Olgerd\Desktop\lara-cms\modules\backend\classes\BackendController.php(79): Backend\Classes\BackendController->getRequestedController('')
#37 C:\Users\Olgerd\Desktop\lara-cms\vendor\laravel\framework\src\Illuminate\Pipeline\Pipeline.php(131): Backend\Classes\BackendController->Backend\Classes\{closure}(Object(Illuminate\Http\Request), Object(Closure))
#38 C:\Users\Olgerd\Desktop\lara-cms\vendor\laravel\framework\src\Illuminate\Routing\Pipeline.php(53): Illuminate\Pipeline\Pipeline->Illuminate\Pipeline\{closure}(Object(Illuminate\Http\Request))
#39 C:\Users\Olgerd\Desktop\lara-cms\vendor\laravel\framework\src\Illuminate\Routing\Middleware\SubstituteBindings.php(41): Illuminate\Routing\Pipeline->Illuminate\Routing\{closure}(Object(Illuminate\Http\Request))
#40 C:\Users\Olgerd\Desktop\lara-cms\vendor\laravel\framework\src\Illuminate\Pipeline\Pipeline.php(149): Illuminate\Routing\Middleware\SubstituteBindings->handle(Object(Illuminate\Http\Request), Object(Closure))
#41 C:\Users\Olgerd\Desktop\lara-cms\vendor\laravel\framework\src\Illuminate\Routing\Pipeline.php(53): Illuminate\Pipeline\Pipeline->Illuminate\Pipeline\{closure}(Object(Illuminate\Http\Request))
#42 C:\Users\Olgerd\Desktop\lara-cms\vendor\laravel\framework\src\Illuminate\View\Middleware\ShareErrorsFromSession.php(49): Illuminate\Routing\Pipeline->Illuminate\Routing\{closure}(Object(Illuminate\Http\Request))
#43 C:\Users\Olgerd\Desktop\lara-cms\vendor\laravel\framework\src\Illuminate\Pipeline\Pipeline.php(149): Illuminate\View\Middleware\ShareErrorsFromSession->handle(Object(Illuminate\Http\Request), Object(Closure))
#44 C:\Users\Olgerd\Desktop\lara-cms\vendor\laravel\framework\src\Illuminate\Routing\Pipeline.php(53): Illuminate\Pipeline\Pipeline->Illuminate\Pipeline\{closure}(Object(Illuminate\Http\Request))
#45 C:\Users\Olgerd\Desktop\lara-cms\vendor\laravel\framework\src\Illuminate\Session\Middleware\StartSession.php(63): Illuminate\Routing\Pipeline->Illuminate\Routing\{closure}(Object(Illuminate\Http\Request))
#46 C:\Users\Olgerd\Desktop\lara-cms\vendor\laravel\framework\src\Illuminate\Pipeline\Pipeline.php(149): Illuminate\Session\Middleware\StartSession->handle(Object(Illuminate\Http\Request), Object(Closure))
#47 C:\Users\Olgerd\Desktop\lara-cms\vendor\laravel\framework\src\Illuminate\Routing\Pipeline.php(53): Illuminate\Pipeline\Pipeline->Illuminate\Pipeline\{closure}(Object(Illuminate\Http\Request))
#48 C:\Users\Olgerd\Desktop\lara-cms\vendor\laravel\framework\src\Illuminate\Cookie\Middleware\AddQueuedCookiesToResponse.php(37): Illuminate\Routing\Pipeline->Illuminate\Routing\{closure}(Object(Illuminate\Http\Request))
#49 C:\Users\Olgerd\Desktop\lara-cms\vendor\laravel\framework\src\Illuminate\Pipeline\Pipeline.php(149): Illuminate\Cookie\Middleware\AddQueuedCookiesToResponse->handle(Object(Illuminate\Http\Request), Object(Closure))
#50 C:\Users\Olgerd\Desktop\lara-cms\vendor\laravel\framework\src\Illuminate\Routing\Pipeline.php(53): Illuminate\Pipeline\Pipeline->Illuminate\Pipeline\{closure}(Object(Illuminate\Http\Request))
#51 C:\Users\Olgerd\Desktop\lara-cms\vendor\laravel\framework\src\Illuminate\Cookie\Middleware\EncryptCookies.php(68): Illuminate\Routing\Pipeline->Illuminate\Routing\{closure}(Object(Illuminate\Http\Request))
#52 C:\Users\Olgerd\Desktop\lara-cms\vendor\laravel\framework\src\Illuminate\Pipeline\Pipeline.php(149): Illuminate\Cookie\Middleware\EncryptCookies->handle(Object(Illuminate\Http\Request), Object(Closure))
#53 C:\Users\Olgerd\Desktop\lara-cms\vendor\laravel\framework\src\Illuminate\Routing\Pipeline.php(53): Illuminate\Pipeline\Pipeline->Illuminate\Pipeline\{closure}(Object(Illuminate\Http\Request))
#54 C:\Users\Olgerd\Desktop\lara-cms\vendor\laravel\framework\src\Illuminate\Pipeline\Pipeline.php(102): Illuminate\Routing\Pipeline->Illuminate\Routing\{closure}(Object(Illuminate\Http\Request))
#55 C:\Users\Olgerd\Desktop\lara-cms\vendor\laravel\framework\src\Illuminate\Routing\Router.php(660): Illuminate\Pipeline\Pipeline->then(Object(Closure))
#56 C:\Users\Olgerd\Desktop\lara-cms\vendor\laravel\framework\src\Illuminate\Routing\Router.php(635): Illuminate\Routing\Router->runRouteWithinStack(Object(Illuminate\Routing\Route), Object(Illuminate\Http\Request))
#57 C:\Users\Olgerd\Desktop\lara-cms\vendor\laravel\framework\src\Illuminate\Routing\Router.php(601): Illuminate\Routing\Router->runRoute(Object(Illuminate\Http\Request), Object(Illuminate\Routing\Route))
#58 C:\Users\Olgerd\Desktop\lara-cms\vendor\october\rain\src\Router\CoreRouter.php(20): Illuminate\Routing\Router->dispatchToRoute(Object(Illuminate\Http\Request))
#59 C:\Users\Olgerd\Desktop\lara-cms\vendor\laravel\framework\src\Illuminate\Foundation\Http\Kernel.php(176): October\Rain\Router\CoreRouter->dispatch(Object(Illuminate\Http\Request))
#60 C:\Users\Olgerd\Desktop\lara-cms\vendor\laravel\framework\src\Illuminate\Routing\Pipeline.php(30): Illuminate\Foundation\Http\Kernel->Illuminate\Foundation\Http\{closure}(Object(Illuminate\Http\Request))
#61 C:\Users\Olgerd\Desktop\lara-cms\vendor\laravel\framework\src\Illuminate\Foundation\Http\Middleware\CheckForMaintenanceMode.php(46): Illuminate\Routing\Pipeline->Illuminate\Routing\{closure}(Object(Illuminate\Http\Request))
#62 C:\Users\Olgerd\Desktop\lara-cms\vendor\october\rain\src\Foundation\Http\Middleware\CheckForMaintenanceMode.php(25): Illuminate\Foundation\Http\Middleware\CheckForMaintenanceMode->handle(Object(Illuminate\Http\Request), Object(Closure))
#63 C:\Users\Olgerd\Desktop\lara-cms\vendor\laravel\framework\src\Illuminate\Pipeline\Pipeline.php(149): October\Rain\Foundation\Http\Middleware\CheckForMaintenanceMode->handle(Object(Illuminate\Http\Request), Object(Closure))
#64 C:\Users\Olgerd\Desktop\lara-cms\vendor\laravel\framework\src\Illuminate\Routing\Pipeline.php(53): Illuminate\Pipeline\Pipeline->Illuminate\Pipeline\{closure}(Object(Illuminate\Http\Request))
#65 C:\Users\Olgerd\Desktop\lara-cms\vendor\laravel\framework\src\Illuminate\Pipeline\Pipeline.php(102): Illuminate\Routing\Pipeline->Illuminate\Routing\{closure}(Object(Illuminate\Http\Request))
#66 C:\Users\Olgerd\Desktop\lara-cms\vendor\laravel\framework\src\Illuminate\Foundation\Http\Kernel.php(151): Illuminate\Pipeline\Pipeline->then(Object(Closure))
#67 C:\Users\Olgerd\Desktop\lara-cms\vendor\laravel\framework\src\Illuminate\Foundation\Http\Kernel.php(116): Illuminate\Foundation\Http\Kernel->sendRequestThroughRouter(Object(Illuminate\Http\Request))
#68 C:\Users\Olgerd\Desktop\lara-cms\index.php(43): Illuminate\Foundation\Http\Kernel->handle(Object(Illuminate\Http\Request))
#69 C:\Users\Olgerd\Desktop\lara-cms\server.php(17): require_once('C:\\Users\\Olgerd...')
#70 {main}

Next Doctrine\DBAL\Driver\PDOException: SQLSTATE[HY000] [2002] No connection could be made because the target machine actively refused it.
 in C:\Users\Olgerd\Desktop\lara-cms\vendor\doctrine\dbal\lib\Doctrine\DBAL\Driver\PDOConnection.php:47
Stack trace:
#0 C:\Users\Olgerd\Desktop\lara-cms\vendor\laravel\framework\src\Illuminate\Database\Connectors\Connector.php(64): Doctrine\DBAL\Driver\PDOConnection->__construct('mysql:host=loca...', 'lavalite', 'Prenosgelo58', Array)
#1 C:\Users\Olgerd\Desktop\lara-cms\vendor\laravel\framework\src\Illuminate\Database\Connectors\Connector.php(43): Illuminate\Database\Connectors\Connector->createPdoConnection('mysql:host=loca...', 'lavalite', 'Prenosgelo58', Array)
#2 C:\Users\Olgerd\Desktop\lara-cms\vendor\laravel\framework\src\Illuminate\Database\Connectors\MySqlConnector.php(24): Illuminate\Database\Connectors\Connector->createConnection('mysql:host=loca...', Array, Array)
#3 C:\Users\Olgerd\Desktop\lara-cms\vendor\october\rain\src\Database\Connectors\ConnectionFactory.php(29): Illuminate\Database\Connectors\MySqlConnector->connect(Array)
#4 [internal function]: October\Rain\Database\Connectors\ConnectionFactory->October\Rain\Database\Connectors\{closure}()
#5 C:\Users\Olgerd\Desktop\lara-cms\vendor\laravel\framework\src\Illuminate\Database\Connection.php(915): call_user_func(Object(Closure))
#6 C:\Users\Olgerd\Desktop\lara-cms\vendor\laravel\framework\src\Illuminate\Database\Connection.php(940): Illuminate\Database\Connection->getPdo()
#7 C:\Users\Olgerd\Desktop\lara-cms\vendor\laravel\framework\src\Illuminate\Database\Connection.php(399): Illuminate\Database\Connection->getReadPdo()
#8 C:\Users\Olgerd\Desktop\lara-cms\vendor\laravel\framework\src\Illuminate\Database\Connection.php(325): Illuminate\Database\Connection->getPdoForSelect(true)
#9 C:\Users\Olgerd\Desktop\lara-cms\vendor\laravel\framework\src\Illuminate\Database\Connection.php(657): Illuminate\Database\Connection->Illuminate\Database\{closure}('select * from `...', Array)
#10 C:\Users\Olgerd\Desktop\lara-cms\vendor\laravel\framework\src\Illuminate\Database\Connection.php(624): Illuminate\Database\Connection->runQueryCallback('select * from `...', Array, Object(Closure))
#11 C:\Users\Olgerd\Desktop\lara-cms\vendor\laravel\framework\src\Illuminate\Database\Connection.php(333): Illuminate\Database\Connection->run('select * from `...', Array, Object(Closure))
#12 C:\Users\Olgerd\Desktop\lara-cms\vendor\laravel\framework\src\Illuminate\Database\Query\Builder.php(1719): Illuminate\Database\Connection->select('select * from `...', Array, true)
#13 C:\Users\Olgerd\Desktop\lara-cms\vendor\laravel\framework\src\Illuminate\Database\Query\Builder.php(1704): Illuminate\Database\Query\Builder->runSelect()
#14 C:\Users\Olgerd\Desktop\lara-cms\vendor\october\rain\src\Database\QueryBuilder.php(122): Illuminate\Database\Query\Builder->get(Array)
#15 C:\Users\Olgerd\Desktop\lara-cms\vendor\october\rain\src\Database\QueryBuilder.php(92): October\Rain\Database\QueryBuilder->getDuplicateCached(Array)
#16 C:\Users\Olgerd\Desktop\lara-cms\vendor\laravel\framework\src\Illuminate\Database\Eloquent\Builder.php(481): October\Rain\Database\QueryBuilder->get(Array)
#17 C:\Users\Olgerd\Desktop\lara-cms\vendor\laravel\framework\src\Illuminate\Database\Eloquent\Builder.php(465): Illuminate\Database\Eloquent\Builder->getModels(Array)
#18 C:\Users\Olgerd\Desktop\lara-cms\vendor\laravel\framework\src\Illuminate\Database\Concerns\BuildsQueries.php(77): Illuminate\Database\Eloquent\Builder->get(Array)
#19 C:\Users\Olgerd\Desktop\lara-cms\vendor\laravel\framework\src\Illuminate\Database\Eloquent\Builder.php(291): Illuminate\Database\Eloquent\Builder->first(Array)
#20 C:\Users\Olgerd\Desktop\lara-cms\vendor\october\rain\src\Auth\Manager.php(178): Illuminate\Database\Eloquent\Builder->find(1)
#21 C:\Users\Olgerd\Desktop\lara-cms\vendor\october\rain\src\Auth\Manager.php(488): October\Rain\Auth\Manager->findUserById(1)
#22 C:\Users\Olgerd\Desktop\lara-cms\vendor\october\rain\src\Auth\Manager.php(162): October\Rain\Auth\Manager->check()
#23 C:\Users\Olgerd\Desktop\lara-cms\vendor\laravel\framework\src\Illuminate\Support\Facades\Facade.php(221): October\Rain\Auth\Manager->getUser()
#24 C:\Users\Olgerd\Desktop\lara-cms\modules\backend\classes\Controller.php(151): Illuminate\Support\Facades\Facade::__callStatic('getUser', Array)
#25 C:\Users\Olgerd\Desktop\lara-cms\modules\backend\controllers\Index.php(30): Backend\Classes\Controller->__construct()
#26 [internal function]: Backend\Controllers\Index->__construct()
#27 C:\Users\Olgerd\Desktop\lara-cms\vendor\laravel\framework\src\Illuminate\Container\Container.php(785): ReflectionClass->newInstanceArgs(Array)
#28 C:\Users\Olgerd\Desktop\lara-cms\vendor\laravel\framework\src\Illuminate\Container\Container.php(631): Illuminate\Container\Container->build('\\backend\\Contro...')
#29 C:\Users\Olgerd\Desktop\lara-cms\vendor\laravel\framework\src\Illuminate\Container\Container.php(586): Illuminate\Container\Container->resolve('\\backend\\Contro...', Array)
#30 C:\Users\Olgerd\Desktop\lara-cms\vendor\laravel\framework\src\Illuminate\Foundation\Application.php(732): Illuminate\Container\Container->make('\\backend\\Contro...', Array)
#31 C:\Users\Olgerd\Desktop\lara-cms\vendor\october\rain\src\Foundation\Application.php(188): Illuminate\Foundation\Application->make('\\backend\\Contro...')
#32 C:\Users\Olgerd\Desktop\lara-cms\vendor\laravel\framework\src\Illuminate\Support\Facades\Facade.php(221): October\Rain\Foundation\Application->make('\\backend\\Contro...')
#33 C:\Users\Olgerd\Desktop\lara-cms\modules\backend\classes\BackendController.php(269): Illuminate\Support\Facades\Facade::__callStatic('make', Array)
#34 C:\Users\Olgerd\Desktop\lara-cms\modules\backend\classes\BackendController.php(200): Backend\Classes\BackendController->findController('\\backend\\Contro...', 'index', 'C:\\Users\\Olgerd...')
#35 C:\Users\Olgerd\Desktop\lara-cms\modules\backend\classes\BackendController.php(79): Backend\Classes\BackendController->getRequestedController('')
#36 C:\Users\Olgerd\Desktop\lara-cms\vendor\laravel\framework\src\Illuminate\Pipeline\Pipeline.php(131): Backend\Classes\BackendController->Backend\Classes\{closure}(Object(Illuminate\Http\Request), Object(Closure))
#37 C:\Users\Olgerd\Desktop\lara-cms\vendor\laravel\framework\src\Illuminate\Routing\Pipeline.php(53): Illuminate\Pipeline\Pipeline->Illuminate\Pipeline\{closure}(Object(Illuminate\Http\Request))
#38 C:\Users\Olgerd\Desktop\lara-cms\vendor\laravel\framework\src\Illuminate\Routing\Middleware\SubstituteBindings.php(41): Illuminate\Routing\Pipeline->Illuminate\Routing\{closure}(Object(Illuminate\Http\Request))
#39 C:\Users\Olgerd\Desktop\lara-cms\vendor\laravel\framework\src\Illuminate\Pipeline\Pipeline.php(149): Illuminate\Routing\Middleware\SubstituteBindings->handle(Object(Illuminate\Http\Request), Object(Closure))
#40 C:\Users\Olgerd\Desktop\lara-cms\vendor\laravel\framework\src\Illuminate\Routing\Pipeline.php(53): Illuminate\Pipeline\Pipeline->Illuminate\Pipeline\{closure}(Object(Illuminate\Http\Request))
#41 C:\Users\Olgerd\Desktop\lara-cms\vendor\laravel\framework\src\Illuminate\View\Middleware\ShareErrorsFromSession.php(49): Illuminate\Routing\Pipeline->Illuminate\Routing\{closure}(Object(Illuminate\Http\Request))
#42 C:\Users\Olgerd\Desktop\lara-cms\vendor\laravel\framework\src\Illuminate\Pipeline\Pipeline.php(149): Illuminate\View\Middleware\ShareErrorsFromSession->handle(Object(Illuminate\Http\Request), Object(Closure))
#43 C:\Users\Olgerd\Desktop\lara-cms\vendor\laravel\framework\src\Illuminate\Routing\Pipeline.php(53): Illuminate\Pipeline\Pipeline->Illuminate\Pipeline\{closure}(Object(Illuminate\Http\Request))
#44 C:\Users\Olgerd\Desktop\lara-cms\vendor\laravel\framework\src\Illuminate\Session\Middleware\StartSession.php(63): Illuminate\Routing\Pipeline->Illuminate\Routing\{closure}(Object(Illuminate\Http\Request))
#45 C:\Users\Olgerd\Desktop\lara-cms\vendor\laravel\framework\src\Illuminate\Pipeline\Pipeline.php(149): Illuminate\Session\Middleware\StartSession->handle(Object(Illuminate\Http\Request), Object(Closure))
#46 C:\Users\Olgerd\Desktop\lara-cms\vendor\laravel\framework\src\Illuminate\Routing\Pipeline.php(53): Illuminate\Pipeline\Pipeline->Illuminate\Pipeline\{closure}(Object(Illuminate\Http\Request))
#47 C:\Users\Olgerd\Desktop\lara-cms\vendor\laravel\framework\src\Illuminate\Cookie\Middleware\AddQueuedCookiesToResponse.php(37): Illuminate\Routing\Pipeline->Illuminate\Routing\{closure}(Object(Illuminate\Http\Request))
#48 C:\Users\Olgerd\Desktop\lara-cms\vendor\laravel\framework\src\Illuminate\Pipeline\Pipeline.php(149): Illuminate\Cookie\Middleware\AddQueuedCookiesToResponse->handle(Object(Illuminate\Http\Request), Object(Closure))
#49 C:\Users\Olgerd\Desktop\lara-cms\vendor\laravel\framework\src\Illuminate\Routing\Pipeline.php(53): Illuminate\Pipeline\Pipeline->Illuminate\Pipeline\{closure}(Object(Illuminate\Http\Request))
#50 C:\Users\Olgerd\Desktop\lara-cms\vendor\laravel\framework\src\Illuminate\Cookie\Middleware\EncryptCookies.php(68): Illuminate\Routing\Pipeline->Illuminate\Routing\{closure}(Object(Illuminate\Http\Request))
#51 C:\Users\Olgerd\Desktop\lara-cms\vendor\laravel\framework\src\Illuminate\Pipeline\Pipeline.php(149): Illuminate\Cookie\Middleware\EncryptCookies->handle(Object(Illuminate\Http\Request), Object(Closure))
#52 C:\Users\Olgerd\Desktop\lara-cms\vendor\laravel\framework\src\Illuminate\Routing\Pipeline.php(53): Illuminate\Pipeline\Pipeline->Illuminate\Pipeline\{closure}(Object(Illuminate\Http\Request))
#53 C:\Users\Olgerd\Desktop\lara-cms\vendor\laravel\framework\src\Illuminate\Pipeline\Pipeline.php(102): Illuminate\Routing\Pipeline->Illuminate\Routing\{closure}(Object(Illuminate\Http\Request))
#54 C:\Users\Olgerd\Desktop\lara-cms\vendor\laravel\framework\src\Illuminate\Routing\Router.php(660): Illuminate\Pipeline\Pipeline->then(Object(Closure))
#55 C:\Users\Olgerd\Desktop\lara-cms\vendor\laravel\framework\src\Illuminate\Routing\Router.php(635): Illuminate\Routing\Router->runRouteWithinStack(Object(Illuminate\Routing\Route), Object(Illuminate\Http\Request))
#56 C:\Users\Olgerd\Desktop\lara-cms\vendor\laravel\framework\src\Illuminate\Routing\Router.php(601): Illuminate\Routing\Router->runRoute(Object(Illuminate\Http\Request), Object(Illuminate\Routing\Route))
#57 C:\Users\Olgerd\Desktop\lara-cms\vendor\october\rain\src\Router\CoreRouter.php(20): Illuminate\Routing\Router->dispatchToRoute(Object(Illuminate\Http\Request))
#58 C:\Users\Olgerd\Desktop\lara-cms\vendor\laravel\framework\src\Illuminate\Foundation\Http\Kernel.php(176): October\Rain\Router\CoreRouter->dispatch(Object(Illuminate\Http\Request))
#59 C:\Users\Olgerd\Desktop\lara-cms\vendor\laravel\framework\src\Illuminate\Routing\Pipeline.php(30): Illuminate\Foundation\Http\Kernel->Illuminate\Foundation\Http\{closure}(Object(Illuminate\Http\Request))
#60 C:\Users\Olgerd\Desktop\lara-cms\vendor\laravel\framework\src\Illuminate\Foundation\Http\Middleware\CheckForMaintenanceMode.php(46): Illuminate\Routing\Pipeline->Illuminate\Routing\{closure}(Object(Illuminate\Http\Request))
#61 C:\Users\Olgerd\Desktop\lara-cms\vendor\october\rain\src\Foundation\Http\Middleware\CheckForMaintenanceMode.php(25): Illuminate\Foundation\Http\Middleware\CheckForMaintenanceMode->handle(Object(Illuminate\Http\Request), Object(Closure))
#62 C:\Users\Olgerd\Desktop\lara-cms\vendor\laravel\framework\src\Illuminate\Pipeline\Pipeline.php(149): October\Rain\Foundation\Http\Middleware\CheckForMaintenanceMode->handle(Object(Illuminate\Http\Request), Object(Closure))
#63 C:\Users\Olgerd\Desktop\lara-cms\vendor\laravel\framework\src\Illuminate\Routing\Pipeline.php(53): Illuminate\Pipeline\Pipeline->Illuminate\Pipeline\{closure}(Object(Illuminate\Http\Request))
#64 C:\Users\Olgerd\Desktop\lara-cms\vendor\laravel\framework\src\Illuminate\Pipeline\Pipeline.php(102): Illuminate\Routing\Pipeline->Illuminate\Routing\{closure}(Object(Illuminate\Http\Request))
#65 C:\Users\Olgerd\Desktop\lara-cms\vendor\laravel\framework\src\Illuminate\Foundation\Http\Kernel.php(151): Illuminate\Pipeline\Pipeline->then(Object(Closure))
#66 C:\Users\Olgerd\Desktop\lara-cms\vendor\laravel\framework\src\Illuminate\Foundation\Http\Kernel.php(116): Illuminate\Foundation\Http\Kernel->sendRequestThroughRouter(Object(Illuminate\Http\Request))
#67 C:\Users\Olgerd\Desktop\lara-cms\index.php(43): Illuminate\Foundation\Http\Kernel->handle(Object(Illuminate\Http\Request))
#68 C:\Users\Olgerd\Desktop\lara-cms\server.php(17): require_once('C:\\Users\\Olgerd...')
#69 {main}

Next Illuminate\Database\QueryException: SQLSTATE[HY000] [2002] No connection could be made because the target machine actively refused it.
 (SQL: select * from `backend_users` where `backend_users`.`id` = 1 limit 1) in C:\Users\Olgerd\Desktop\lara-cms\vendor\laravel\framework\src\Illuminate\Database\Connection.php:664
Stack trace:
#0 C:\Users\Olgerd\Desktop\lara-cms\vendor\laravel\framework\src\Illuminate\Database\Connection.php(624): Illuminate\Database\Connection->runQueryCallback('select * from `...', Array, Object(Closure))
#1 C:\Users\Olgerd\Desktop\lara-cms\vendor\laravel\framework\src\Illuminate\Database\Connection.php(333): Illuminate\Database\Connection->run('select * from `...', Array, Object(Closure))
#2 C:\Users\Olgerd\Desktop\lara-cms\vendor\laravel\framework\src\Illuminate\Database\Query\Builder.php(1719): Illuminate\Database\Connection->select('select * from `...', Array, true)
#3 C:\Users\Olgerd\Desktop\lara-cms\vendor\laravel\framework\src\Illuminate\Database\Query\Builder.php(1704): Illuminate\Database\Query\Builder->runSelect()
#4 C:\Users\Olgerd\Desktop\lara-cms\vendor\october\rain\src\Database\QueryBuilder.php(122): Illuminate\Database\Query\Builder->get(Array)
#5 C:\Users\Olgerd\Desktop\lara-cms\vendor\october\rain\src\Database\QueryBuilder.php(92): October\Rain\Database\QueryBuilder->getDuplicateCached(Array)
#6 C:\Users\Olgerd\Desktop\lara-cms\vendor\laravel\framework\src\Illuminate\Database\Eloquent\Builder.php(481): October\Rain\Database\QueryBuilder->get(Array)
#7 C:\Users\Olgerd\Desktop\lara-cms\vendor\laravel\framework\src\Illuminate\Database\Eloquent\Builder.php(465): Illuminate\Database\Eloquent\Builder->getModels(Array)
#8 C:\Users\Olgerd\Desktop\lara-cms\vendor\laravel\framework\src\Illuminate\Database\Concerns\BuildsQueries.php(77): Illuminate\Database\Eloquent\Builder->get(Array)
#9 C:\Users\Olgerd\Desktop\lara-cms\vendor\laravel\framework\src\Illuminate\Database\Eloquent\Builder.php(291): Illuminate\Database\Eloquent\Builder->first(Array)
#10 C:\Users\Olgerd\Desktop\lara-cms\vendor\october\rain\src\Auth\Manager.php(178): Illuminate\Database\Eloquent\Builder->find(1)
#11 C:\Users\Olgerd\Desktop\lara-cms\vendor\october\rain\src\Auth\Manager.php(488): October\Rain\Auth\Manager->findUserById(1)
#12 C:\Users\Olgerd\Desktop\lara-cms\vendor\october\rain\src\Auth\Manager.php(162): October\Rain\Auth\Manager->check()
#13 C:\Users\Olgerd\Desktop\lara-cms\vendor\laravel\framework\src\Illuminate\Support\Facades\Facade.php(221): October\Rain\Auth\Manager->getUser()
#14 C:\Users\Olgerd\Desktop\lara-cms\modules\backend\classes\Controller.php(151): Illuminate\Support\Facades\Facade::__callStatic('getUser', Array)
#15 C:\Users\Olgerd\Desktop\lara-cms\modules\backend\controllers\Index.php(30): Backend\Classes\Controller->__construct()
#16 [internal function]: Backend\Controllers\Index->__construct()
#17 C:\Users\Olgerd\Desktop\lara-cms\vendor\laravel\framework\src\Illuminate\Container\Container.php(785): ReflectionClass->newInstanceArgs(Array)
#18 C:\Users\Olgerd\Desktop\lara-cms\vendor\laravel\framework\src\Illuminate\Container\Container.php(631): Illuminate\Container\Container->build('\\backend\\Contro...')
#19 C:\Users\Olgerd\Desktop\lara-cms\vendor\laravel\framework\src\Illuminate\Container\Container.php(586): Illuminate\Container\Container->resolve('\\backend\\Contro...', Array)
#20 C:\Users\Olgerd\Desktop\lara-cms\vendor\laravel\framework\src\Illuminate\Foundation\Application.php(732): Illuminate\Container\Container->make('\\backend\\Contro...', Array)
#21 C:\Users\Olgerd\Desktop\lara-cms\vendor\october\rain\src\Foundation\Application.php(188): Illuminate\Foundation\Application->make('\\backend\\Contro...')
#22 C:\Users\Olgerd\Desktop\lara-cms\vendor\laravel\framework\src\Illuminate\Support\Facades\Facade.php(221): October\Rain\Foundation\Application->make('\\backend\\Contro...')
#23 C:\Users\Olgerd\Desktop\lara-cms\modules\backend\classes\BackendController.php(269): Illuminate\Support\Facades\Facade::__callStatic('make', Array)
#24 C:\Users\Olgerd\Desktop\lara-cms\modules\backend\classes\BackendController.php(200): Backend\Classes\BackendController->findController('\\backend\\Contro...', 'index', 'C:\\Users\\Olgerd...')
#25 C:\Users\Olgerd\Desktop\lara-cms\modules\backend\classes\BackendController.php(79): Backend\Classes\BackendController->getRequestedController('')
#26 C:\Users\Olgerd\Desktop\lara-cms\vendor\laravel\framework\src\Illuminate\Pipeline\Pipeline.php(131): Backend\Classes\BackendController->Backend\Classes\{closure}(Object(Illuminate\Http\Request), Object(Closure))
#27 C:\Users\Olgerd\Desktop\lara-cms\vendor\laravel\framework\src\Illuminate\Routing\Pipeline.php(53): Illuminate\Pipeline\Pipeline->Illuminate\Pipeline\{closure}(Object(Illuminate\Http\Request))
#28 C:\Users\Olgerd\Desktop\lara-cms\vendor\laravel\framework\src\Illuminate\Routing\Middleware\SubstituteBindings.php(41): Illuminate\Routing\Pipeline->Illuminate\Routing\{closure}(Object(Illuminate\Http\Request))
#29 C:\Users\Olgerd\Desktop\lara-cms\vendor\laravel\framework\src\Illuminate\Pipeline\Pipeline.php(149): Illuminate\Routing\Middleware\SubstituteBindings->handle(Object(Illuminate\Http\Request), Object(Closure))
#30 C:\Users\Olgerd\Desktop\lara-cms\vendor\laravel\framework\src\Illuminate\Routing\Pipeline.php(53): Illuminate\Pipeline\Pipeline->Illuminate\Pipeline\{closure}(Object(Illuminate\Http\Request))
#31 C:\Users\Olgerd\Desktop\lara-cms\vendor\laravel\framework\src\Illuminate\View\Middleware\ShareErrorsFromSession.php(49): Illuminate\Routing\Pipeline->Illuminate\Routing\{closure}(Object(Illuminate\Http\Request))
#32 C:\Users\Olgerd\Desktop\lara-cms\vendor\laravel\framework\src\Illuminate\Pipeline\Pipeline.php(149): Illuminate\View\Middleware\ShareErrorsFromSession->handle(Object(Illuminate\Http\Request), Object(Closure))
#33 C:\Users\Olgerd\Desktop\lara-cms\vendor\laravel\framework\src\Illuminate\Routing\Pipeline.php(53): Illuminate\Pipeline\Pipeline->Illuminate\Pipeline\{closure}(Object(Illuminate\Http\Request))
#34 C:\Users\Olgerd\Desktop\lara-cms\vendor\laravel\framework\src\Illuminate\Session\Middleware\StartSession.php(63): Illuminate\Routing\Pipeline->Illuminate\Routing\{closure}(Object(Illuminate\Http\Request))
#35 C:\Users\Olgerd\Desktop\lara-cms\vendor\laravel\framework\src\Illuminate\Pipeline\Pipeline.php(149): Illuminate\Session\Middleware\StartSession->handle(Object(Illuminate\Http\Request), Object(Closure))
#36 C:\Users\Olgerd\Desktop\lara-cms\vendor\laravel\framework\src\Illuminate\Routing\Pipeline.php(53): Illuminate\Pipeline\Pipeline->Illuminate\Pipeline\{closure}(Object(Illuminate\Http\Request))
#37 C:\Users\Olgerd\Desktop\lara-cms\vendor\laravel\framework\src\Illuminate\Cookie\Middleware\AddQueuedCookiesToResponse.php(37): Illuminate\Routing\Pipeline->Illuminate\Routing\{closure}(Object(Illuminate\Http\Request))
#38 C:\Users\Olgerd\Desktop\lara-cms\vendor\laravel\framework\src\Illuminate\Pipeline\Pipeline.php(149): Illuminate\Cookie\Middleware\AddQueuedCookiesToResponse->handle(Object(Illuminate\Http\Request), Object(Closure))
#39 C:\Users\Olgerd\Desktop\lara-cms\vendor\laravel\framework\src\Illuminate\Routing\Pipeline.php(53): Illuminate\Pipeline\Pipeline->Illuminate\Pipeline\{closure}(Object(Illuminate\Http\Request))
#40 C:\Users\Olgerd\Desktop\lara-cms\vendor\laravel\framework\src\Illuminate\Cookie\Middleware\EncryptCookies.php(68): Illuminate\Routing\Pipeline->Illuminate\Routing\{closure}(Object(Illuminate\Http\Request))
#41 C:\Users\Olgerd\Desktop\lara-cms\vendor\laravel\framework\src\Illuminate\Pipeline\Pipeline.php(149): Illuminate\Cookie\Middleware\EncryptCookies->handle(Object(Illuminate\Http\Request), Object(Closure))
#42 C:\Users\Olgerd\Desktop\lara-cms\vendor\laravel\framework\src\Illuminate\Routing\Pipeline.php(53): Illuminate\Pipeline\Pipeline->Illuminate\Pipeline\{closure}(Object(Illuminate\Http\Request))
#43 C:\Users\Olgerd\Desktop\lara-cms\vendor\laravel\framework\src\Illuminate\Pipeline\Pipeline.php(102): Illuminate\Routing\Pipeline->Illuminate\Routing\{closure}(Object(Illuminate\Http\Request))
#44 C:\Users\Olgerd\Desktop\lara-cms\vendor\laravel\framework\src\Illuminate\Routing\Router.php(660): Illuminate\Pipeline\Pipeline->then(Object(Closure))
#45 C:\Users\Olgerd\Desktop\lara-cms\vendor\laravel\framework\src\Illuminate\Routing\Router.php(635): Illuminate\Routing\Router->runRouteWithinStack(Object(Illuminate\Routing\Route), Object(Illuminate\Http\Request))
#46 C:\Users\Olgerd\Desktop\lara-cms\vendor\laravel\framework\src\Illuminate\Routing\Router.php(601): Illuminate\Routing\Router->runRoute(Object(Illuminate\Http\Request), Object(Illuminate\Routing\Route))
#47 C:\Users\Olgerd\Desktop\lara-cms\vendor\october\rain\src\Router\CoreRouter.php(20): Illuminate\Routing\Router->dispatchToRoute(Object(Illuminate\Http\Request))
#48 C:\Users\Olgerd\Desktop\lara-cms\vendor\laravel\framework\src\Illuminate\Foundation\Http\Kernel.php(176): October\Rain\Router\CoreRouter->dispatch(Object(Illuminate\Http\Request))
#49 C:\Users\Olgerd\Desktop\lara-cms\vendor\laravel\framework\src\Illuminate\Routing\Pipeline.php(30): Illuminate\Foundation\Http\Kernel->Illuminate\Foundation\Http\{closure}(Object(Illuminate\Http\Request))
#50 C:\Users\Olgerd\Desktop\lara-cms\vendor\laravel\framework\src\Illuminate\Foundation\Http\Middleware\CheckForMaintenanceMode.php(46): Illuminate\Routing\Pipeline->Illuminate\Routing\{closure}(Object(Illuminate\Http\Request))
#51 C:\Users\Olgerd\Desktop\lara-cms\vendor\october\rain\src\Foundation\Http\Middleware\CheckForMaintenanceMode.php(25): Illuminate\Foundation\Http\Middleware\CheckForMaintenanceMode->handle(Object(Illuminate\Http\Request), Object(Closure))
#52 C:\Users\Olgerd\Desktop\lara-cms\vendor\laravel\framework\src\Illuminate\Pipeline\Pipeline.php(149): October\Rain\Foundation\Http\Middleware\CheckForMaintenanceMode->handle(Object(Illuminate\Http\Request), Object(Closure))
#53 C:\Users\Olgerd\Desktop\lara-cms\vendor\laravel\framework\src\Illuminate\Routing\Pipeline.php(53): Illuminate\Pipeline\Pipeline->Illuminate\Pipeline\{closure}(Object(Illuminate\Http\Request))
#54 C:\Users\Olgerd\Desktop\lara-cms\vendor\laravel\framework\src\Illuminate\Pipeline\Pipeline.php(102): Illuminate\Routing\Pipeline->Illuminate\Routing\{closure}(Object(Illuminate\Http\Request))
#55 C:\Users\Olgerd\Desktop\lara-cms\vendor\laravel\framework\src\Illuminate\Foundation\Http\Kernel.php(151): Illuminate\Pipeline\Pipeline->then(Object(Closure))
#56 C:\Users\Olgerd\Desktop\lara-cms\vendor\laravel\framework\src\Illuminate\Foundation\Http\Kernel.php(116): Illuminate\Foundation\Http\Kernel->sendRequestThroughRouter(Object(Illuminate\Http\Request))
#57 C:\Users\Olgerd\Desktop\lara-cms\index.php(43): Illuminate\Foundation\Http\Kernel->handle(Object(Illuminate\Http\Request))
#58 C:\Users\Olgerd\Desktop\lara-cms\server.php(17): require_once('C:\\Users\\Olgerd...')
#59 {main}  
